2026-04-23 03:10:38,460 - INFO - ============================================================
2026-04-23 03:10:38,461 - INFO - LIVRABLE 2 - Safe RL: CBF
2026-04-23 03:10:38,464 - INFO - Cost limit: 10.0
2026-04-23 03:10:38,464 - INFO - ============================================================
2026-04-23 03:10:38,522 - INFO - 3 agents Safe RL créés
2026-04-23 03:11:20,406 - INFO - Episode 5/50
2026-04-23 03:11:20,407 - INFO -   Reward: -77704.00
2026-04-23 03:11:20,408 - INFO -   Cost: 0.00
2026-04-23 03:11:20,408 - INFO -   Safety: 0.33%
2026-04-23 03:11:20,411 - INFO -   Production: 0
2026-04-23 03:11:20,412 - INFO -   Violations: 1495
2026-04-23 03:12:39,410 - INFO - Episode 10/50
2026-04-23 03:12:39,410 - INFO -   Reward: -77848.00
2026-04-23 03:12:39,410 - INFO -   Cost: 0.00
2026-04-23 03:12:39,411 - INFO -   Safety: 0.13%
2026-04-23 03:12:39,411 - INFO -   Production: 0
2026-04-23 03:12:39,411 - INFO -   Violations: 1498
2026-04-23 03:13:38,957 - INFO - Episode 15/50
2026-04-23 03:13:38,957 - INFO -   Reward: -77900.00
2026-04-23 03:13:38,958 - INFO -   Cost: 0.00
2026-04-23 03:13:38,958 - INFO -   Safety: 0.07%
2026-04-23 03:13:38,958 - INFO -   Production: 0
2026-04-23 03:13:38,959 - INFO -   Violations: 1499
2026-04-23 03:14:05,422 - INFO - Episode 20/50
2026-04-23 03:14:05,422 - INFO -   Reward: -77689.00
2026-04-23 03:14:05,423 - INFO -   Cost: 0.00
2026-04-23 03:14:05,423 - INFO -   Safety: 0.33%
2026-04-23 03:14:05,423 - INFO -   Production: 0
2026-04-23 03:14:05,423 - INFO -   Violations: 1495
2026-04-23 03:14:36,058 - INFO - Episode 25/50
2026-04-23 03:14:36,058 - INFO -   Reward: -77554.00
2026-04-23 03:14:36,058 - INFO -   Cost: 0.00
2026-04-23 03:14:36,059 - INFO -   Safety: 0.53%
2026-04-23 03:14:36,059 - INFO -   Production: 0
2026-04-23 03:14:36,060 - INFO -   Violations: 1492
2026-04-23 03:15:04,531 - INFO - Episode 30/50
2026-04-23 03:15:04,532 - INFO -   Reward: -77796.00
2026-04-23 03:15:04,532 - INFO -   Cost: 0.00
2026-04-23 03:15:04,532 - INFO -   Safety: 0.20%
2026-04-23 03:15:04,532 - INFO -   Production: 0
2026-04-23 03:15:04,532 - INFO -   Violations: 1497
2026-04-23 03:15:21,274 - INFO - Episode 35/50
2026-04-23 03:15:21,274 - INFO -   Reward: -77747.00
2026-04-23 03:15:21,274 - INFO -   Cost: 0.00
2026-04-23 03:15:21,275 - INFO -   Safety: 0.27%
2026-04-23 03:15:21,275 - INFO -   Production: 0
2026-04-23 03:15:21,275 - INFO -   Violations: 1496
2026-04-23 03:15:34,823 - INFO - Episode 40/50
2026-04-23 03:15:34,824 - INFO -   Reward: -77643.00
2026-04-23 03:15:34,824 - INFO -   Cost: 0.00
2026-04-23 03:15:34,824 - INFO -   Safety: 0.40%
2026-04-23 03:15:34,824 - INFO -   Production: 0
2026-04-23 03:15:34,825 - INFO -   Violations: 1494
2026-04-23 03:15:49,845 - INFO - Episode 45/50
2026-04-23 03:15:49,846 - INFO -   Reward: -77701.00
2026-04-23 03:15:49,847 - INFO -   Cost: 0.00
2026-04-23 03:15:49,847 - INFO -   Safety: 0.33%
2026-04-23 03:15:49,847 - INFO -   Production: 0
2026-04-23 03:15:49,848 - INFO -   Violations: 1495
2026-04-23 03:16:16,315 - INFO - Episode 50/50
2026-04-23 03:16:16,316 - INFO -   Reward: -77787.00
2026-04-23 03:16:16,316 - INFO -   Cost: 0.00
2026-04-23 03:16:16,317 - INFO -   Safety: 0.20%
2026-04-23 03:16:16,317 - INFO -   Production: 0
2026-04-23 03:16:16,317 - INFO -   Violations: 1497
2026-04-23 03:16:16,318 - INFO - 
============================================================
2026-04-23 03:16:16,318 - INFO - RÉSULTATS FINAUX - Safe RL (CBF)
2026-04-23 03:16:16,319 - INFO - Reward moyen: -77694.22 ± 192.76
2026-04-23 03:16:16,319 - INFO - Coűt moyen: 0.00
2026-04-23 03:16:16,319 - INFO - Taux sécurité moyen: 0.33%
2026-04-23 03:16:16,320 - INFO - Production totale: 0
2026-04-23 03:16:16,320 - INFO - Total violations: 74750
2026-04-23 03:16:16,320 - INFO - ============================================================
2026-04-23 03:16:16,321 - INFO - 
Shield CBF: 13630 interventions
