2026-04-23 03:15:09,834 - INFO - ============================================================
2026-04-23 03:15:09,835 - INFO - LIVRABLE 2 - Safe RL: ADAPTIVE
2026-04-23 03:15:09,836 - INFO - Cost limit: 10.0
2026-04-23 03:15:09,837 - INFO - ============================================================
2026-04-23 03:15:09,845 - INFO - 3 agents Safe RL créés
2026-04-23 03:15:27,038 - INFO - Episode 5/50
2026-04-23 03:15:27,038 - INFO -   Reward: -76154.30
2026-04-23 03:15:27,039 - INFO -   Cost: 0.00
2026-04-23 03:15:27,039 - INFO -   Safety: 0.07%
2026-04-23 03:15:27,049 - INFO -   Production: 7
2026-04-23 03:15:27,050 - INFO -   Violations: 1499
2026-04-23 03:15:39,718 - INFO - Episode 10/50
2026-04-23 03:15:39,719 - INFO -   Reward: -75804.60
2026-04-23 03:15:39,719 - INFO -   Cost: 0.00
2026-04-23 03:15:39,719 - INFO -   Safety: 0.40%
2026-04-23 03:15:39,719 - INFO -   Production: 7
2026-04-23 03:15:39,720 - INFO -   Violations: 1494
2026-04-23 03:16:00,147 - INFO - Episode 15/50
2026-04-23 03:16:00,148 - INFO -   Reward: -73266.10
2026-04-23 03:16:00,148 - INFO -   Cost: 0.00
2026-04-23 03:16:00,149 - INFO -   Safety: 0.93%
2026-04-23 03:16:00,149 - INFO -   Production: 29
2026-04-23 03:16:00,150 - INFO -   Violations: 1486
2026-04-23 03:16:26,408 - INFO - Episode 20/50
2026-04-23 03:16:26,408 - INFO -   Reward: -76567.20
2026-04-23 03:16:26,409 - INFO -   Cost: 0.00
2026-04-23 03:16:26,410 - INFO -   Safety: 0.00%
2026-04-23 03:16:26,410 - INFO -   Production: 5
2026-04-23 03:16:26,411 - INFO -   Violations: 1500
2026-04-23 03:16:52,510 - INFO - Episode 25/50
2026-04-23 03:16:52,511 - INFO -   Reward: -75903.40
2026-04-23 03:16:52,511 - INFO -   Cost: 0.00
2026-04-23 03:16:52,512 - INFO -   Safety: 0.53%
2026-04-23 03:16:52,512 - INFO -   Production: 10
2026-04-23 03:16:52,512 - INFO -   Violations: 1492
2026-04-23 03:17:12,619 - INFO - Episode 30/50
2026-04-23 03:17:12,620 - INFO -   Reward: -74669.00
2026-04-23 03:17:12,620 - INFO -   Cost: 0.00
2026-04-23 03:17:12,621 - INFO -   Safety: 2.07%
2026-04-23 03:17:12,621 - INFO -   Production: 6
2026-04-23 03:17:12,621 - INFO -   Violations: 1469
2026-04-23 03:17:23,588 - INFO - Episode 35/50
2026-04-23 03:17:23,589 - INFO -   Reward: -75623.00
2026-04-23 03:17:23,589 - INFO -   Cost: 0.00
2026-04-23 03:17:23,589 - INFO -   Safety: 1.07%
2026-04-23 03:17:23,589 - INFO -   Production: 5
2026-04-23 03:17:23,590 - INFO -   Violations: 1484
2026-04-23 03:17:37,494 - INFO - Episode 40/50
2026-04-23 03:17:37,495 - INFO -   Reward: -76000.00
2026-04-23 03:17:37,496 - INFO -   Cost: 0.00
2026-04-23 03:17:37,496 - INFO -   Safety: 0.53%
2026-04-23 03:17:37,497 - INFO -   Production: 6
2026-04-23 03:17:37,497 - INFO -   Violations: 1492
2026-04-23 03:17:57,253 - INFO - Episode 45/50
2026-04-23 03:17:57,254 - INFO -   Reward: -75608.90
2026-04-23 03:17:57,254 - INFO -   Cost: 0.00
2026-04-23 03:17:57,254 - INFO -   Safety: 0.87%
2026-04-23 03:17:57,255 - INFO -   Production: 5
2026-04-23 03:17:57,255 - INFO -   Violations: 1487
2026-04-23 03:18:13,069 - INFO - Episode 50/50
2026-04-23 03:18:13,069 - INFO -   Reward: -75792.90
2026-04-23 03:18:13,070 - INFO -   Cost: 0.00
2026-04-23 03:18:13,070 - INFO -   Safety: 0.80%
2026-04-23 03:18:13,070 - INFO -   Production: 13
2026-04-23 03:18:13,070 - INFO -   Violations: 1488
2026-04-23 03:18:13,071 - INFO - 
============================================================
2026-04-23 03:18:13,071 - INFO - RÉSULTATS FINAUX - Safe RL (ADAPTIVE)
2026-04-23 03:18:13,071 - INFO - Reward moyen: -75575.53 ± 727.56
2026-04-23 03:18:13,072 - INFO - Coűt moyen: 0.00
2026-04-23 03:18:13,072 - INFO - Taux sécurité moyen: 0.83%
2026-04-23 03:18:13,072 - INFO - Production totale: 13
2026-04-23 03:18:13,073 - INFO - Total violations: 74374
2026-04-23 03:18:13,073 - INFO - ============================================================
