2026-04-23 03:06:33,856 - INFO - ============================================================
2026-04-23 03:06:33,856 - INFO - LIVRABLE 2 - Safe RL: LAGRANGIAN
2026-04-23 03:06:33,856 - INFO - Cost limit: 10.0
2026-04-23 03:06:33,857 - INFO - ============================================================
2026-04-23 03:06:35,241 - INFO - 3 agents Safe RL créés
2026-04-23 03:06:43,323 - INFO - Episode 5/50
2026-04-23 03:06:43,324 - INFO -   Reward: -75691.00
2026-04-23 03:06:43,324 - INFO -   Cost: 0.00
2026-04-23 03:06:43,324 - INFO -   Safety: 0.93%
2026-04-23 03:06:43,335 - INFO -   Production: 9
2026-04-23 03:06:43,335 - INFO -   Violations: 1486
2026-04-23 03:06:51,553 - INFO - Episode 10/50
2026-04-23 03:06:51,554 - INFO -   Reward: -75795.80
2026-04-23 03:06:51,554 - INFO -   Cost: 0.00
2026-04-23 03:06:51,554 - INFO -   Safety: 1.07%
2026-04-23 03:06:51,555 - INFO -   Production: 3
2026-04-23 03:06:51,555 - INFO -   Violations: 1484
2026-04-23 03:06:59,969 - INFO - Episode 15/50
2026-04-23 03:06:59,969 - INFO -   Reward: -75275.50
2026-04-23 03:06:59,970 - INFO -   Cost: 0.00
2026-04-23 03:06:59,970 - INFO -   Safety: 1.33%
2026-04-23 03:06:59,970 - INFO -   Production: 9
2026-04-23 03:06:59,970 - INFO -   Violations: 1480
2026-04-23 03:07:12,787 - INFO - Episode 20/50
2026-04-23 03:07:12,787 - INFO -   Reward: -74881.50
2026-04-23 03:07:12,787 - INFO -   Cost: 0.00
2026-04-23 03:07:12,788 - INFO -   Safety: 2.00%
2026-04-23 03:07:12,788 - INFO -   Production: 9
2026-04-23 03:07:12,788 - INFO -   Violations: 1470
2026-04-23 03:07:29,328 - INFO - Episode 25/50
2026-04-23 03:07:29,329 - INFO -   Reward: -76498.30
2026-04-23 03:07:29,329 - INFO -   Cost: 0.00
2026-04-23 03:07:29,330 - INFO -   Safety: 0.13%
2026-04-23 03:07:29,334 - INFO -   Production: 2
2026-04-23 03:07:29,334 - INFO -   Violations: 1498
2026-04-23 03:07:47,253 - INFO - Episode 30/50
2026-04-23 03:07:47,254 - INFO -   Reward: -75377.90
2026-04-23 03:07:47,254 - INFO -   Cost: 0.00
2026-04-23 03:07:47,254 - INFO -   Safety: 1.07%
2026-04-23 03:07:47,255 - INFO -   Production: 8
2026-04-23 03:07:47,255 - INFO -   Violations: 1484
2026-04-23 03:08:08,561 - INFO - Episode 35/50
2026-04-23 03:08:08,562 - INFO -   Reward: -74118.70
2026-04-23 03:08:08,562 - INFO -   Cost: 0.00
2026-04-23 03:08:08,563 - INFO -   Safety: 3.53%
2026-04-23 03:08:08,564 - INFO -   Production: 3
2026-04-23 03:08:08,564 - INFO -   Violations: 1447
2026-04-23 03:08:33,191 - INFO - Episode 40/50
2026-04-23 03:08:33,192 - INFO -   Reward: -75657.50
2026-04-23 03:08:33,192 - INFO -   Cost: 0.00
2026-04-23 03:08:33,193 - INFO -   Safety: 0.47%
2026-04-23 03:08:33,193 - INFO -   Production: 9
2026-04-23 03:08:33,193 - INFO -   Violations: 1493
2026-04-23 03:08:52,472 - INFO - Episode 45/50
2026-04-23 03:08:52,473 - INFO -   Reward: -74945.70
2026-04-23 03:08:52,474 - INFO -   Cost: 0.00
2026-04-23 03:08:52,474 - INFO -   Safety: 0.80%
2026-04-23 03:08:52,474 - INFO -   Production: 17
2026-04-23 03:08:52,475 - INFO -   Violations: 1488
2026-04-23 03:09:13,497 - INFO - Episode 50/50
2026-04-23 03:09:13,497 - INFO -   Reward: -76104.50
2026-04-23 03:09:13,498 - INFO -   Cost: 0.00
2026-04-23 03:09:13,498 - INFO -   Safety: 0.27%
2026-04-23 03:09:13,498 - INFO -   Production: 8
2026-04-23 03:09:13,499 - INFO -   Violations: 1496
2026-04-23 03:09:13,502 - INFO - 
============================================================
2026-04-23 03:09:13,503 - INFO - RÉSULTATS FINAUX - Safe RL (LAGRANGIAN)
2026-04-23 03:09:13,503 - INFO - Reward moyen: -75423.79 ± 727.50
2026-04-23 03:09:13,504 - INFO - Coűt moyen: 0.00
2026-04-23 03:09:13,505 - INFO - Taux sécurité moyen: 1.12%
2026-04-23 03:09:13,505 - INFO - Production totale: 8
2026-04-23 03:09:13,506 - INFO - Total violations: 74157
2026-04-23 03:09:13,506 - INFO - ============================================================
