2026-04-23 03:07:52,633 - INFO - ======================================================================
2026-04-23 03:07:52,634 - INFO - LIVRABLE 3 - Entraînement MAPPO-NS
2026-04-23 03:07:52,635 - INFO - Shield neurosymbolique: ACTIF
2026-04-23 03:07:52,635 - INFO - ======================================================================
2026-04-23 03:07:52,636 - INFO - Environnement créé: 3 agents, 500 steps/épisode
2026-04-23 03:07:52,637 - INFO - Dimensions: obs_dim=6, action_dim=5
2026-04-23 03:07:55,251 - INFO - Système MAPPO-NS (Neurosymbolique) initialisé
2026-04-23 03:08:16,005 - INFO - Episode 5/50
2026-04-23 03:08:16,006 - INFO -   Reward: -77290.00
2026-04-23 03:08:16,007 - INFO -   Safety: 0.93%
2026-04-23 03:08:16,008 - INFO -   Violations: 1486
2026-04-23 03:08:16,008 - INFO -   Production: 0
2026-04-23 03:08:16,009 - INFO -   Shield corrections: 0
2026-04-23 03:08:16,010 - INFO -   Actor Loss: 0.0003 | Critic Loss: 720333.7834
2026-04-23 03:08:16,010 - INFO - --------------------------------------------------
2026-04-23 03:08:40,120 - INFO - Episode 10/50
2026-04-23 03:08:40,121 - INFO -   Reward: -77541.00
2026-04-23 03:08:40,121 - INFO -   Safety: 0.60%
2026-04-23 03:08:40,121 - INFO -   Violations: 1491
2026-04-23 03:08:40,122 - INFO -   Production: 0
2026-04-23 03:08:40,122 - INFO -   Shield corrections: 0
2026-04-23 03:08:40,122 - INFO -   Actor Loss: -0.0011 | Critic Loss: 708465.3863
2026-04-23 03:08:40,123 - INFO - --------------------------------------------------
2026-04-23 03:08:58,273 - INFO - Episode 15/50
2026-04-23 03:08:58,275 - INFO -   Reward: -77602.00
2026-04-23 03:08:58,275 - INFO -   Safety: 0.53%
2026-04-23 03:08:58,275 - INFO -   Violations: 1492
2026-04-23 03:08:58,276 - INFO -   Production: 0
2026-04-23 03:08:58,276 - INFO -   Shield corrections: 0
2026-04-23 03:08:58,277 - INFO -   Actor Loss: 0.0008 | Critic Loss: 684275.1688
2026-04-23 03:08:58,277 - INFO - --------------------------------------------------
2026-04-23 03:09:20,660 - INFO - Episode 20/50
2026-04-23 03:09:20,661 - INFO -   Reward: -77400.00
2026-04-23 03:09:20,661 - INFO -   Safety: 0.80%
2026-04-23 03:09:20,662 - INFO -   Violations: 1488
2026-04-23 03:09:20,663 - INFO -   Production: 0
2026-04-23 03:09:20,663 - INFO -   Shield corrections: 0
2026-04-23 03:09:20,664 - INFO -   Actor Loss: -0.0034 | Critic Loss: 639461.0972
2026-04-23 03:09:20,664 - INFO - --------------------------------------------------
2026-04-23 03:09:51,384 - INFO - Episode 25/50
2026-04-23 03:09:51,385 - INFO -   Reward: -76880.00
2026-04-23 03:09:51,386 - INFO -   Safety: 1.47%
2026-04-23 03:09:51,387 - INFO -   Violations: 1478
2026-04-23 03:09:51,387 - INFO -   Production: 0
2026-04-23 03:09:51,388 - INFO -   Shield corrections: 0
2026-04-23 03:09:51,389 - INFO -   Actor Loss: 0.0037 | Critic Loss: 578991.9447
2026-04-23 03:09:51,389 - INFO - --------------------------------------------------
