2026-04-23 03:07:00,622 - INFO - ============================================================
2026-04-23 03:07:00,622 - INFO - LIVRABLE 2 - Safe RL: LAGRANGIAN
2026-04-23 03:07:00,623 - INFO - Cost limit: 10.0
2026-04-23 03:07:00,623 - INFO - ============================================================
2026-04-23 03:07:02,213 - INFO - 3 agents Safe RL créés
2026-04-23 03:07:15,971 - INFO - Episode 5/50
2026-04-23 03:07:15,971 - INFO -   Reward: -75467.30
2026-04-23 03:07:15,972 - INFO -   Cost: 0.00
2026-04-23 03:07:15,972 - INFO -   Safety: 0.27%
2026-04-23 03:07:15,982 - INFO -   Production: 12
2026-04-23 03:07:15,982 - INFO -   Violations: 1496
2026-04-23 03:07:32,480 - INFO - Episode 10/50
2026-04-23 03:07:32,480 - INFO -   Reward: -75760.00
2026-04-23 03:07:32,481 - INFO -   Cost: 0.00
2026-04-23 03:07:32,481 - INFO -   Safety: 0.33%
2026-04-23 03:07:32,481 - INFO -   Production: 9
2026-04-23 03:07:32,481 - INFO -   Violations: 1495
2026-04-23 03:07:51,567 - INFO - Episode 15/50
2026-04-23 03:07:51,568 - INFO -   Reward: -75620.60
2026-04-23 03:07:51,568 - INFO -   Cost: 0.00
2026-04-23 03:07:51,568 - INFO -   Safety: 1.07%
2026-04-23 03:07:51,568 - INFO -   Production: 4
2026-04-23 03:07:51,569 - INFO -   Violations: 1484
2026-04-23 03:08:13,029 - INFO - Episode 20/50
2026-04-23 03:08:13,030 - INFO -   Reward: -72949.80
2026-04-23 03:08:13,031 - INFO -   Cost: 0.00
2026-04-23 03:08:13,031 - INFO -   Safety: 3.80%
2026-04-23 03:08:13,032 - INFO -   Production: 18
2026-04-23 03:08:13,032 - INFO -   Violations: 1443
2026-04-23 03:08:38,150 - INFO - Episode 25/50
2026-04-23 03:08:38,151 - INFO -   Reward: -75509.90
2026-04-23 03:08:38,151 - INFO -   Cost: 0.00
2026-04-23 03:08:38,151 - INFO -   Safety: 0.47%
2026-04-23 03:08:38,151 - INFO -   Production: 11
2026-04-23 03:08:38,151 - INFO -   Violations: 1493
2026-04-23 03:08:58,551 - INFO - Episode 30/50
2026-04-23 03:08:58,551 - INFO -   Reward: -73864.40
2026-04-23 03:08:58,551 - INFO -   Cost: 0.00
2026-04-23 03:08:58,552 - INFO -   Safety: 1.47%
2026-04-23 03:08:58,552 - INFO -   Production: 17
2026-04-23 03:08:58,552 - INFO -   Violations: 1478
2026-04-23 03:09:20,972 - INFO - Episode 35/50
2026-04-23 03:09:20,973 - INFO -   Reward: -74539.00
2026-04-23 03:09:20,974 - INFO -   Cost: 0.00
2026-04-23 03:09:20,975 - INFO -   Safety: 1.93%
2026-04-23 03:09:20,975 - INFO -   Production: 10
2026-04-23 03:09:20,976 - INFO -   Violations: 1471
2026-04-23 03:09:54,037 - INFO - Episode 40/50
2026-04-23 03:09:54,038 - INFO -   Reward: -75536.30
2026-04-23 03:09:54,039 - INFO -   Cost: 0.00
2026-04-23 03:09:54,039 - INFO -   Safety: 0.67%
2026-04-23 03:09:54,040 - INFO -   Production: 6
2026-04-23 03:09:54,040 - INFO -   Violations: 1490
2026-04-23 03:10:19,188 - INFO - Episode 45/50
2026-04-23 03:10:19,189 - INFO -   Reward: -75003.50
2026-04-23 03:10:19,189 - INFO -   Cost: 0.00
2026-04-23 03:10:19,189 - INFO -   Safety: 1.47%
2026-04-23 03:10:19,189 - INFO -   Production: 9
2026-04-23 03:10:19,189 - INFO -   Violations: 1478
2026-04-23 03:10:38,420 - INFO - Episode 50/50
2026-04-23 03:10:38,420 - INFO -   Reward: -75142.30
2026-04-23 03:10:38,421 - INFO -   Cost: 0.00
2026-04-23 03:10:38,421 - INFO -   Safety: 0.73%
2026-04-23 03:10:38,422 - INFO -   Production: 19
2026-04-23 03:10:38,422 - INFO -   Violations: 1489
2026-04-23 03:10:38,432 - INFO - 
============================================================
2026-04-23 03:10:38,435 - INFO - RÉSULTATS FINAUX - Safe RL (LAGRANGIAN)
2026-04-23 03:10:38,437 - INFO - Reward moyen: -75215.54 ± 748.31
2026-04-23 03:10:38,438 - INFO - Coűt moyen: 0.00
2026-04-23 03:10:38,439 - INFO - Taux sécurité moyen: 1.04%
2026-04-23 03:10:38,441 - INFO - Production totale: 19
2026-04-23 03:10:38,442 - INFO - Total violations: 74220
2026-04-23 03:10:38,443 - INFO - ============================================================
