2026-04-23 03:16:16,328 - INFO - ============================================================
2026-04-23 03:16:16,330 - INFO - LIVRABLE 2 - Safe RL: ADAPTIVE
2026-04-23 03:16:16,331 - INFO - Cost limit: 10.0
2026-04-23 03:16:16,332 - INFO - ============================================================
2026-04-23 03:16:16,345 - INFO - 3 agents Safe RL créés
2026-04-23 03:16:42,118 - INFO - Episode 5/50
2026-04-23 03:16:42,119 - INFO -   Reward: -73973.70
2026-04-23 03:16:42,119 - INFO -   Cost: 0.00
2026-04-23 03:16:42,120 - INFO -   Safety: 1.80%
2026-04-23 03:16:42,121 - INFO -   Production: 15
2026-04-23 03:16:42,121 - INFO -   Violations: 1473
2026-04-23 03:17:07,192 - INFO - Episode 10/50
2026-04-23 03:17:07,193 - INFO -   Reward: -75186.90
2026-04-23 03:17:07,194 - INFO -   Cost: 0.00
2026-04-23 03:17:07,194 - INFO -   Safety: 1.20%
2026-04-23 03:17:07,195 - INFO -   Production: 6
2026-04-23 03:17:07,195 - INFO -   Violations: 1482
2026-04-23 03:17:18,971 - INFO - Episode 15/50
2026-04-23 03:17:18,971 - INFO -   Reward: -76592.40
2026-04-23 03:17:18,972 - INFO -   Cost: 0.00
2026-04-23 03:17:18,972 - INFO -   Safety: 0.00%
2026-04-23 03:17:18,972 - INFO -   Production: 4
2026-04-23 03:17:18,972 - INFO -   Violations: 1500
2026-04-23 03:17:31,052 - INFO - Episode 20/50
2026-04-23 03:17:31,052 - INFO -   Reward: -75073.90
2026-04-23 03:17:31,053 - INFO -   Cost: 0.00
2026-04-23 03:17:31,053 - INFO -   Safety: 1.73%
2026-04-23 03:17:31,053 - INFO -   Production: 9
2026-04-23 03:17:31,053 - INFO -   Violations: 1474
2026-04-23 03:17:53,283 - INFO - Episode 25/50
2026-04-23 03:17:53,283 - INFO -   Reward: -75343.50
2026-04-23 03:17:53,283 - INFO -   Cost: 0.00
2026-04-23 03:17:53,283 - INFO -   Safety: 1.00%
2026-04-23 03:17:53,284 - INFO -   Production: 5
2026-04-23 03:17:53,284 - INFO -   Violations: 1485
2026-04-23 03:18:06,642 - INFO - Episode 30/50
2026-04-23 03:18:06,642 - INFO -   Reward: -75219.00
2026-04-23 03:18:06,643 - INFO -   Cost: 0.00
2026-04-23 03:18:06,643 - INFO -   Safety: 1.20%
2026-04-23 03:18:06,643 - INFO -   Production: 8
2026-04-23 03:18:06,643 - INFO -   Violations: 1482
2026-04-23 03:18:21,667 - INFO - Episode 35/50
2026-04-23 03:18:21,667 - INFO -   Reward: -75752.40
2026-04-23 03:18:21,667 - INFO -   Cost: 0.00
2026-04-23 03:18:21,668 - INFO -   Safety: 0.60%
2026-04-23 03:18:21,668 - INFO -   Production: 6
2026-04-23 03:18:21,668 - INFO -   Violations: 1491
2026-04-23 03:18:46,133 - INFO - Episode 40/50
2026-04-23 03:18:46,134 - INFO -   Reward: -75766.50
2026-04-23 03:18:46,134 - INFO -   Cost: 0.00
2026-04-23 03:18:46,134 - INFO -   Safety: 0.80%
2026-04-23 03:18:46,134 - INFO -   Production: 4
2026-04-23 03:18:46,135 - INFO -   Violations: 1488
2026-04-23 03:19:05,077 - INFO - Episode 45/50
2026-04-23 03:19:05,077 - INFO -   Reward: -74602.40
2026-04-23 03:19:05,077 - INFO -   Cost: 0.00
2026-04-23 03:19:05,077 - INFO -   Safety: 2.67%
2026-04-23 03:19:05,078 - INFO -   Production: 2
2026-04-23 03:19:05,078 - INFO -   Violations: 1460
2026-04-23 03:19:21,390 - INFO - Episode 50/50
2026-04-23 03:19:21,391 - INFO -   Reward: -76074.40
2026-04-23 03:19:21,391 - INFO -   Cost: 0.00
2026-04-23 03:19:21,391 - INFO -   Safety: 0.33%
2026-04-23 03:19:21,391 - INFO -   Production: 6
2026-04-23 03:19:21,391 - INFO -   Violations: 1495
2026-04-23 03:19:21,392 - INFO - 
============================================================
2026-04-23 03:19:21,392 - INFO - RÉSULTATS FINAUX - Safe RL (ADAPTIVE)
2026-04-23 03:19:21,392 - INFO - Reward moyen: -75461.18 ± 650.47
2026-04-23 03:19:21,393 - INFO - Coűt moyen: 0.00
2026-04-23 03:19:21,393 - INFO - Taux sécurité moyen: 0.91%
2026-04-23 03:19:21,394 - INFO - Production totale: 6
2026-04-23 03:19:21,394 - INFO - Total violations: 74316
2026-04-23 03:19:21,394 - INFO - ============================================================
