2026-04-23 03:09:13,508 - INFO - ============================================================
2026-04-23 03:09:13,509 - INFO - LIVRABLE 2 - Safe RL: CBF
2026-04-23 03:09:13,510 - INFO - Cost limit: 10.0
2026-04-23 03:09:13,510 - INFO - ============================================================
2026-04-23 03:09:13,520 - INFO - 3 agents Safe RL créés
2026-04-23 03:09:41,512 - INFO - Episode 5/50
2026-04-23 03:09:41,513 - INFO -   Reward: -77894.00
2026-04-23 03:09:41,515 - INFO -   Cost: 0.00
2026-04-23 03:09:41,518 - INFO -   Safety: 0.07%
2026-04-23 03:09:41,519 - INFO -   Production: 0
2026-04-23 03:09:41,522 - INFO -   Violations: 1499
2026-04-23 03:10:09,791 - INFO - Episode 10/50
2026-04-23 03:10:09,792 - INFO -   Reward: -77946.00
2026-04-23 03:10:09,793 - INFO -   Cost: 0.00
2026-04-23 03:10:09,793 - INFO -   Safety: 0.00%
2026-04-23 03:10:09,794 - INFO -   Production: 0
2026-04-23 03:10:09,794 - INFO -   Violations: 1500
2026-04-23 03:10:24,398 - INFO - Episode 15/50
2026-04-23 03:10:24,398 - INFO -   Reward: -77802.00
2026-04-23 03:10:24,398 - INFO -   Cost: 0.00
2026-04-23 03:10:24,399 - INFO -   Safety: 0.20%
2026-04-23 03:10:24,399 - INFO -   Production: 0
2026-04-23 03:10:24,399 - INFO -   Violations: 1497
2026-04-23 03:10:59,148 - INFO - Episode 20/50
2026-04-23 03:10:59,152 - INFO -   Reward: -77949.00
2026-04-23 03:10:59,155 - INFO -   Cost: 0.00
2026-04-23 03:10:59,158 - INFO -   Safety: 0.00%
2026-04-23 03:10:59,162 - INFO -   Production: 0
2026-04-23 03:10:59,166 - INFO -   Violations: 1500
2026-04-23 03:11:57,900 - INFO - Episode 25/50
2026-04-23 03:11:57,906 - INFO -   Reward: -77600.00
2026-04-23 03:11:57,910 - INFO -   Cost: 0.00
2026-04-23 03:11:57,915 - INFO -   Safety: 0.47%
2026-04-23 03:11:57,919 - INFO -   Production: 0
2026-04-23 03:11:57,928 - INFO -   Violations: 1493
2026-04-23 03:12:54,135 - INFO - Episode 30/50
2026-04-23 03:12:54,140 - INFO -   Reward: -77600.00
2026-04-23 03:12:54,144 - INFO -   Cost: 0.00
2026-04-23 03:12:54,155 - INFO -   Safety: 0.47%
2026-04-23 03:12:54,160 - INFO -   Production: 0
2026-04-23 03:12:54,174 - INFO -   Violations: 1493
2026-04-23 03:13:51,094 - INFO - Episode 35/50
2026-04-23 03:13:51,095 - INFO -   Reward: -77796.00
2026-04-23 03:13:51,095 - INFO -   Cost: 0.00
2026-04-23 03:13:51,095 - INFO -   Safety: 0.20%
2026-04-23 03:13:51,095 - INFO -   Production: 0
2026-04-23 03:13:51,096 - INFO -   Violations: 1497
2026-04-23 03:14:14,659 - INFO - Episode 40/50
2026-04-23 03:14:14,660 - INFO -   Reward: -77799.00
2026-04-23 03:14:14,660 - INFO -   Cost: 0.00
2026-04-23 03:14:14,661 - INFO -   Safety: 0.20%
2026-04-23 03:14:14,661 - INFO -   Production: 0
2026-04-23 03:14:14,661 - INFO -   Violations: 1497
2026-04-23 03:14:46,721 - INFO - Episode 45/50
2026-04-23 03:14:46,722 - INFO -   Reward: -77511.00
2026-04-23 03:14:46,722 - INFO -   Cost: 0.00
2026-04-23 03:14:46,723 - INFO -   Safety: 0.60%
2026-04-23 03:14:46,723 - INFO -   Production: 0
2026-04-23 03:14:46,723 - INFO -   Violations: 1491
2026-04-23 03:15:09,828 - INFO - Episode 50/50
2026-04-23 03:15:09,828 - INFO -   Reward: -77839.00
2026-04-23 03:15:09,828 - INFO -   Cost: 0.00
2026-04-23 03:15:09,829 - INFO -   Safety: 0.13%
2026-04-23 03:15:09,829 - INFO -   Production: 0
2026-04-23 03:15:09,829 - INFO -   Violations: 1498
2026-04-23 03:15:09,829 - INFO - 
============================================================
2026-04-23 03:15:09,830 - INFO - RÉSULTATS FINAUX - Safe RL (CBF)
2026-04-23 03:15:09,830 - INFO - Reward moyen: -77710.90 ± 160.01
2026-04-23 03:15:09,830 - INFO - Coűt moyen: 0.00
2026-04-23 03:15:09,831 - INFO - Taux sécurité moyen: 0.31%
2026-04-23 03:15:09,831 - INFO - Production totale: 0
2026-04-23 03:15:09,831 - INFO - Total violations: 74765
2026-04-23 03:15:09,831 - INFO - ============================================================
2026-04-23 03:15:09,831 - INFO - 
Shield CBF: 14412 interventions
