2026-04-26 22:49:45,450 - INFO - ======================================================================
2026-04-26 22:49:45,450 - INFO - LIVRABLE 3 - Entraînement MAPPO-Standard
2026-04-26 22:49:45,450 - INFO - Shield neurosymbolique: INACTIF
2026-04-26 22:49:45,450 - INFO - Tests robustesse: INACTIFS
2026-04-26 22:49:45,451 - INFO - Contexte dynamique: ACTIF
2026-04-26 22:49:45,451 - INFO - ======================================================================
2026-04-26 22:49:45,452 - INFO - Environnement créé: 3 agents, 500 steps/épisode
2026-04-26 22:49:45,452 - INFO - Dimensions: obs_dim=6, action_dim=5
2026-04-26 22:49:46,851 - INFO - Système MAPPO (Standard) initialisé
2026-04-26 22:49:46,852 - INFO - 🔄 [CONTEXTE] Changement: None → steel
2026-04-26 22:49:46,852 - INFO -    Température max: 850°C
2026-04-26 22:49:46,852 - INFO -    Pression max: 10 bar
2026-04-26 22:49:56,659 - INFO - Episode 5/10
2026-04-26 22:49:56,660 - INFO -   Reward: -29804.20
2026-04-26 22:49:56,660 - INFO -   Safety: 1.33%
2026-04-26 22:49:56,660 - INFO -   Violations: 1480
2026-04-26 22:49:56,660 - INFO -   Production: 12
2026-04-26 22:49:56,661 - INFO -   Produit: steel
2026-04-26 22:49:56,661 - INFO -   Actor Loss: -0.0017 | Critic Loss: 106918.1285
2026-04-26 22:49:56,661 - INFO - --------------------------------------------------
2026-04-26 22:50:05,261 - INFO - Episode 10/10
2026-04-26 22:50:05,261 - INFO -   Reward: -26608.90
2026-04-26 22:50:05,262 - INFO -   Safety: 0.13%
2026-04-26 22:50:05,262 - INFO -   Violations: 1498
2026-04-26 22:50:05,262 - INFO -   Production: 58
2026-04-26 22:50:05,262 - INFO -   Produit: steel
2026-04-26 22:50:05,262 - INFO -   Actor Loss: -0.0032 | Critic Loss: 79515.9676
2026-04-26 22:50:05,263 - INFO - --------------------------------------------------
2026-04-26 22:50:05,263 - INFO - 
======================================================================
2026-04-26 22:50:05,263 - INFO - RÉSULTATS FINAUX - MAPPO-Standard
2026-04-26 22:50:05,263 - INFO - ======================================================================
2026-04-26 22:50:05,264 - INFO - Reward moyen: -28564.69 ± 1962.00
2026-04-26 22:50:05,264 - INFO - Taux sécurité moyen: 1.09%
2026-04-26 22:50:05,264 - INFO - Total violations: 14836
2026-04-26 22:50:05,264 - INFO - Production totale: 58
2026-04-26 22:50:05,268 - INFO - ✅ Résultats sauvegardés dans results\livrable3/
