2026-04-26 23:10:57,461 - INFO - ======================================================================
2026-04-26 23:10:57,462 - INFO - LIVRABLE 3 - Entraînement MAPPO-Standard
2026-04-26 23:10:57,462 - INFO - Shield neurosymbolique: INACTIF
2026-04-26 23:10:57,463 - INFO - Tests robustesse: INACTIFS
2026-04-26 23:10:57,463 - INFO - Contexte dynamique: ACTIF
2026-04-26 23:10:57,463 - INFO - ======================================================================
2026-04-26 23:10:57,465 - INFO - Environnement créé: 3 agents, 500 steps/épisode
2026-04-26 23:10:57,465 - INFO - Dimensions: obs_dim=6, action_dim=5
2026-04-26 23:11:00,558 - INFO - Système MAPPO (Standard) initialisé
2026-04-26 23:11:00,559 - INFO - 🔄 [CONTEXTE] Changement: None → steel
2026-04-26 23:11:00,559 - INFO -    Température max: 850°C
2026-04-26 23:11:00,560 - INFO -    Pression max: 10 bar
2026-04-26 23:11:20,382 - INFO - Episode 5/10
2026-04-26 23:11:20,383 - INFO -   Reward: -27574.60
2026-04-26 23:11:20,383 - INFO -   Safety: 0.53%
2026-04-26 23:11:20,384 - INFO -   Violations: 1492
2026-04-26 23:11:20,384 - INFO -   Production: 46
2026-04-26 23:11:20,384 - INFO -   Produit: steel
2026-04-26 23:11:20,385 - INFO -   Actor Loss: -0.0014 | Critic Loss: 91471.8024
2026-04-26 23:11:20,386 - INFO - --------------------------------------------------
2026-04-26 23:11:45,466 - INFO - Episode 10/10
2026-04-26 23:11:45,467 - INFO -   Reward: -12391.10
2026-04-26 23:11:45,467 - INFO -   Safety: 1.67%
2026-04-26 23:11:45,467 - INFO -   Violations: 1475
2026-04-26 23:11:45,468 - INFO -   Production: 225
2026-04-26 23:11:45,468 - INFO -   Produit: steel
2026-04-26 23:11:45,469 - INFO -   Actor Loss: -0.0022 | Critic Loss: 40426.1276
2026-04-26 23:11:45,469 - INFO - --------------------------------------------------
2026-04-26 23:11:45,480 - INFO - 
======================================================================
2026-04-26 23:11:45,480 - INFO - RÉSULTATS FINAUX - MAPPO-Standard
2026-04-26 23:11:45,481 - INFO - ======================================================================
2026-04-26 23:11:45,482 - INFO - Reward moyen: -26846.75 ± 4971.39
2026-04-26 23:11:45,482 - INFO - Taux sécurité moyen: 0.69%
2026-04-26 23:11:45,482 - INFO - Total violations: 14897
2026-04-26 23:11:45,483 - INFO - Production totale: 225
2026-04-26 23:11:45,494 - INFO - ✅ Résultats sauvegardés dans results\livrable3/
