2026-04-26 22:16:01,062 - INFO - ======================================================================
2026-04-26 22:16:01,063 - INFO - LIVRABLE 3 - Entraînement MAPPO-Standard
2026-04-26 22:16:01,063 - INFO - Shield neurosymbolique: INACTIF
2026-04-26 22:16:01,063 - INFO - Tests robustesse: ACTIFS
2026-04-26 22:16:01,064 - INFO - Contexte dynamique: ACTIF
2026-04-26 22:16:01,064 - INFO - ======================================================================
2026-04-26 22:16:01,065 - INFO - Environnement créé: 3 agents, 500 steps/épisode
2026-04-26 22:16:01,065 - INFO - Dimensions: obs_dim=6, action_dim=5
2026-04-26 22:16:03,035 - INFO - Système MAPPO (Standard) initialisé
2026-04-26 22:16:03,035 - INFO - 🔄 [CONTEXTE] Changement: None → steel
2026-04-26 22:16:03,035 - INFO -    Température max: 850°C
2026-04-26 22:16:03,036 - INFO -    Pression max: 10 bar
2026-04-26 22:16:19,854 - INFO - Episode 5/50
2026-04-26 22:16:19,854 - INFO -   Reward: -30251.20
2026-04-26 22:16:19,855 - INFO -   Safety: 0.13%
2026-04-26 22:16:19,856 - INFO -   Violations: 1498
2026-04-26 22:16:19,856 - INFO -   Production: 22
2026-04-26 22:16:19,856 - INFO -   Produit: steel
2026-04-26 22:16:19,857 - INFO -   Actor Loss: -0.0064 | Critic Loss: 108363.5537
2026-04-26 22:16:19,857 - INFO - --------------------------------------------------
2026-04-26 22:16:22,991 - WARNING - 🔴 [ROBUSTESSE] Valeur 2.43 hors [0,1]
2026-04-26 22:16:38,173 - INFO - Episode 10/50
2026-04-26 22:16:38,174 - INFO -   Reward: -16593.50
2026-04-26 22:16:38,174 - INFO -   Safety: 0.67%
2026-04-26 22:16:38,175 - INFO -   Violations: 1490
2026-04-26 22:16:38,175 - INFO -   Production: 169
2026-04-26 22:16:38,175 - INFO -   Produit: steel
2026-04-26 22:16:38,176 - INFO -   Actor Loss: -0.0052 | Critic Loss: 34897.2025
2026-04-26 22:16:38,176 - INFO - --------------------------------------------------
2026-04-26 22:16:38,177 - INFO - 🔄 [CONTEXTE] Changement: steel → aluminium
2026-04-26 22:16:38,177 - INFO -    Température max: 650°C
2026-04-26 22:16:38,178 - INFO -    Pression max: 8 bar
2026-04-26 22:16:55,060 - WARNING - 🔴 [ROBUSTESSE] Capteurs bloqués à 0.28
2026-04-26 22:16:58,241 - INFO - Episode 15/50
2026-04-26 22:16:58,242 - INFO -   Reward: -14865.40
2026-04-26 22:16:58,242 - INFO -   Safety: -4.27%
2026-04-26 22:16:58,242 - INFO -   Violations: 1564
2026-04-26 22:16:58,243 - INFO -   Production: 327
2026-04-26 22:16:58,243 - INFO -   Produit: aluminium
2026-04-26 22:16:58,244 - INFO -   Actor Loss: -0.0019 | Critic Loss: 78306.4698
2026-04-26 22:16:58,244 - INFO - --------------------------------------------------
2026-04-26 22:17:15,116 - INFO - Episode 20/50
2026-04-26 22:17:15,116 - INFO -   Reward: -6001.50
2026-04-26 22:17:15,117 - INFO -   Safety: -9.80%
2026-04-26 22:17:15,117 - INFO -   Violations: 1647
2026-04-26 22:17:15,117 - INFO -   Production: 469
2026-04-26 22:17:15,117 - INFO -   Produit: aluminium
2026-04-26 22:17:15,118 - INFO -   Actor Loss: -0.0058 | Critic Loss: 114160.6246
2026-04-26 22:17:15,118 - INFO - --------------------------------------------------
2026-04-26 22:17:15,119 - INFO - 🔄 [CONTEXTE] Changement: aluminium → steel
2026-04-26 22:17:15,119 - INFO -    Température max: 850°C
2026-04-26 22:17:15,119 - INFO -    Pression max: 10 bar
2026-04-26 22:17:32,902 - INFO - Episode 25/50
2026-04-26 22:17:32,903 - INFO -   Reward: 8224.70
2026-04-26 22:17:32,904 - INFO -   Safety: -16.07%
2026-04-26 22:17:32,904 - INFO -   Violations: 1741
2026-04-26 22:17:32,905 - INFO -   Production: 807
2026-04-26 22:17:32,905 - INFO -   Produit: steel
2026-04-26 22:17:32,905 - INFO -   Actor Loss: -0.0046 | Critic Loss: 115454.4786
2026-04-26 22:17:32,905 - INFO - --------------------------------------------------
2026-04-26 22:17:36,798 - WARNING - 🔴 [ROBUSTESSE] Valeur 1.88 hors [0,1]
2026-04-26 22:17:52,072 - INFO - Episode 30/50
2026-04-26 22:17:52,072 - INFO -   Reward: 21341.70
2026-04-26 22:17:52,073 - INFO -   Safety: -14.20%
2026-04-26 22:17:52,073 - INFO -   Violations: 1713
2026-04-26 22:17:52,074 - INFO -   Production: 873
2026-04-26 22:17:52,074 - INFO -   Produit: steel
2026-04-26 22:17:52,074 - INFO -   Actor Loss: -0.0036 | Critic Loss: 240264.6427
2026-04-26 22:17:52,074 - INFO - --------------------------------------------------
2026-04-26 22:17:52,075 - INFO - 🔄 [CONTEXTE] Changement: steel → titanium
2026-04-26 22:17:52,075 - INFO -    Température max: 950°C
2026-04-26 22:17:52,075 - INFO -    Pression max: 12 bar
2026-04-26 22:18:17,809 - INFO - Episode 35/50
2026-04-26 22:18:17,809 - INFO -   Reward: 24362.60
2026-04-26 22:18:17,809 - INFO -   Safety: -15.53%
2026-04-26 22:18:17,809 - INFO -   Violations: 1733
2026-04-26 22:18:17,810 - INFO -   Production: 815
2026-04-26 22:18:17,810 - INFO -   Produit: titanium
2026-04-26 22:18:17,810 - INFO -   Actor Loss: -0.0036 | Critic Loss: 295541.2778
2026-04-26 22:18:17,810 - INFO - --------------------------------------------------
2026-04-26 22:18:33,818 - INFO - Episode 40/50
2026-04-26 22:18:33,818 - INFO -   Reward: 15842.30
2026-04-26 22:18:33,818 - INFO -   Safety: -10.67%
2026-04-26 22:18:33,819 - INFO -   Violations: 1660
2026-04-26 22:18:33,819 - INFO -   Production: 695
2026-04-26 22:18:33,819 - INFO -   Produit: titanium
2026-04-26 22:18:33,819 - INFO -   Actor Loss: -0.0044 | Critic Loss: 195201.5321
2026-04-26 22:18:33,819 - INFO - --------------------------------------------------
2026-04-26 22:18:33,819 - INFO - 🔄 [CONTEXTE] Changement: titanium → plastic
2026-04-26 22:18:33,820 - INFO -    Température max: 400°C
2026-04-26 22:18:33,820 - INFO -    Pression max: 5 bar
2026-04-26 22:18:42,399 - WARNING - 🔴 [ROBUSTESSE] Valeur 1.63 hors [0,1]
2026-04-26 22:18:44,508 - INFO - Episode 45/50
2026-04-26 22:18:44,508 - INFO -   Reward: -106394.00
2026-04-26 22:18:44,509 - INFO -   Safety: -62.27%
2026-04-26 22:18:44,509 - INFO -   Violations: 2434
2026-04-26 22:18:44,509 - INFO -   Production: 0
2026-04-26 22:18:44,509 - INFO -   Produit: plastic
2026-04-26 22:18:44,509 - INFO -   Actor Loss: -0.0085 | Critic Loss: 1620975.1341
2026-04-26 22:18:44,509 - INFO - --------------------------------------------------
2026-04-26 22:18:55,866 - INFO - Episode 50/50
2026-04-26 22:18:55,867 - INFO -   Reward: -55757.00
2026-04-26 22:18:55,867 - INFO -   Safety: -21.67%
2026-04-26 22:18:55,867 - INFO -   Violations: 1825
2026-04-26 22:18:55,867 - INFO -   Production: 0
2026-04-26 22:18:55,867 - INFO -   Produit: plastic
2026-04-26 22:18:55,867 - INFO -   Actor Loss: -0.0057 | Critic Loss: 476183.4225
2026-04-26 22:18:55,868 - INFO - --------------------------------------------------
2026-04-26 22:18:55,871 - INFO - 
======================================================================
2026-04-26 22:18:55,871 - INFO - RÉSULTATS FINAUX - MAPPO-Standard
2026-04-26 22:18:55,871 - INFO - ======================================================================
2026-04-26 22:18:55,871 - INFO - Reward moyen: -18665.11 ± 45248.53
2026-04-26 22:18:55,872 - INFO - Taux sécurité moyen: -14.69%
2026-04-26 22:18:55,872 - INFO - Total violations: 86015
2026-04-26 22:18:55,872 - INFO - Production totale: 0
2026-04-26 22:18:55,872 - INFO - 
======================================================================
2026-04-26 22:18:55,872 - INFO - 🔬 RAPPORT DE ROBUSTESSE
2026-04-26 22:18:55,872 - INFO - ======================================================================
2026-04-26 22:18:55,872 - INFO -   Défauts capteurs injectés: 1488
2026-04-26 22:18:55,873 - INFO -   Montées rapides simulées: 0
2026-04-26 22:18:55,873 - INFO -   Conflits de règles simulés: 0
2026-04-26 22:18:55,873 - INFO -   Statistiques injecteur: {'total_faults': 1488, 'by_type': {'nan': 395, 'out_of_range': 332, 'spike': 387, 'stuck': 374}}
2026-04-26 22:18:55,873 - INFO - ======================================================================
2026-04-26 22:18:55,876 - INFO - ✅ Résultats sauvegardés dans results\livrable3/
