2026-04-26 22:15:44,975 - INFO - ======================================================================
2026-04-26 22:15:44,976 - INFO - LIVRABLE 3 - Entraînement MAPPO-Standard
2026-04-26 22:15:44,976 - INFO - Shield neurosymbolique: INACTIF
2026-04-26 22:15:44,976 - INFO - Tests robustesse: ACTIFS
2026-04-26 22:15:44,976 - INFO - Contexte dynamique: ACTIF
2026-04-26 22:15:44,976 - INFO - ======================================================================
2026-04-26 22:15:44,977 - INFO - Environnement créé: 3 agents, 500 steps/épisode
2026-04-26 22:15:44,977 - INFO - Dimensions: obs_dim=6, action_dim=5
2026-04-26 22:15:46,621 - INFO - Système MAPPO (Standard) initialisé
2026-04-26 22:15:46,624 - INFO - 🔄 [CONTEXTE] Changement: None → steel
2026-04-26 22:15:46,624 - INFO -    Température max: 850°C
2026-04-26 22:15:46,625 - INFO -    Pression max: 10 bar
2026-04-26 22:15:50,593 - WARNING - 🔴 [ROBUSTESSE] Capteurs bloqués à 0.32
2026-04-26 22:15:56,864 - INFO - Episode 5/50
2026-04-26 22:15:56,864 - INFO -   Reward: -30114.80
2026-04-26 22:15:56,864 - INFO -   Safety: 1.27%
2026-04-26 22:15:56,865 - INFO -   Violations: 1481
2026-04-26 22:15:56,865 - INFO -   Production: 12
2026-04-26 22:15:56,865 - INFO -   Produit: steel
2026-04-26 22:15:56,865 - INFO -   Actor Loss: -0.0038 | Critic Loss: 108462.2439
2026-04-26 22:15:56,866 - INFO - --------------------------------------------------
2026-04-26 22:16:09,520 - INFO - Episode 10/50
2026-04-26 22:16:09,521 - INFO -   Reward: -23873.90
2026-04-26 22:16:09,521 - INFO -   Safety: 3.87%
2026-04-26 22:16:09,521 - INFO -   Violations: 1442
2026-04-26 22:16:09,522 - INFO -   Production: 92
2026-04-26 22:16:09,522 - INFO -   Produit: steel
2026-04-26 22:16:09,522 - INFO -   Actor Loss: -0.0022 | Critic Loss: 67913.2342
2026-04-26 22:16:09,522 - INFO - --------------------------------------------------
2026-04-26 22:16:09,523 - INFO - 🔄 [CONTEXTE] Changement: steel → aluminium
2026-04-26 22:16:09,523 - INFO -    Température max: 650°C
2026-04-26 22:16:09,524 - INFO -    Pression max: 8 bar
2026-04-26 22:16:27,195 - INFO - Episode 15/50
2026-04-26 22:16:27,196 - INFO -   Reward: -11065.00
2026-04-26 22:16:27,196 - INFO -   Safety: -16.60%
2026-04-26 22:16:27,197 - INFO -   Violations: 1749
2026-04-26 22:16:27,197 - INFO -   Production: 364
2026-04-26 22:16:27,197 - INFO -   Produit: aluminium
2026-04-26 22:16:27,198 - INFO -   Actor Loss: -0.0032 | Critic Loss: 94278.4663
2026-04-26 22:16:27,198 - INFO - --------------------------------------------------
2026-04-26 22:16:39,851 - WARNING - 🔴 [ROBUSTESSE] Valeur 2.02 hors [0,1]
2026-04-26 22:16:46,968 - INFO - Episode 20/50
2026-04-26 22:16:46,970 - INFO -   Reward: 8690.00
2026-04-26 22:16:46,970 - INFO -   Safety: 5.13%
2026-04-26 22:16:46,971 - INFO -   Violations: 1423
2026-04-26 22:16:46,971 - INFO -   Production: 400
2026-04-26 22:16:46,972 - INFO -   Produit: aluminium
2026-04-26 22:16:46,972 - INFO -   Actor Loss: -0.0045 | Critic Loss: 133738.2828
2026-04-26 22:16:46,973 - INFO - --------------------------------------------------
2026-04-26 22:16:46,974 - INFO - 🔄 [CONTEXTE] Changement: aluminium → steel
2026-04-26 22:16:46,975 - INFO -    Température max: 850°C
2026-04-26 22:16:46,975 - INFO -    Pression max: 10 bar
2026-04-26 22:17:03,170 - INFO - Episode 25/50
2026-04-26 22:17:03,171 - INFO -   Reward: -16421.00
2026-04-26 22:17:03,171 - INFO -   Safety: 2.67%
2026-04-26 22:17:03,171 - INFO -   Violations: 1460
2026-04-26 22:17:03,172 - INFO -   Production: 155
2026-04-26 22:17:03,172 - INFO -   Produit: steel
2026-04-26 22:17:03,172 - INFO -   Actor Loss: -0.0073 | Critic Loss: 35999.5514
2026-04-26 22:17:03,172 - INFO - --------------------------------------------------
2026-04-26 22:17:09,922 - WARNING - 🔴 [ROBUSTESSE] Valeur 2.93 hors [0,1]
2026-04-26 22:17:20,888 - INFO - Episode 30/50
2026-04-26 22:17:20,889 - INFO -   Reward: -12790.50
2026-04-26 22:17:20,889 - INFO -   Safety: 8.20%
2026-04-26 22:17:20,889 - INFO -   Violations: 1377
2026-04-26 22:17:20,890 - INFO -   Production: 168
2026-04-26 22:17:20,890 - INFO -   Produit: steel
2026-04-26 22:17:20,890 - INFO -   Actor Loss: -0.0049 | Critic Loss: 22406.9545
2026-04-26 22:17:20,890 - INFO - --------------------------------------------------
2026-04-26 22:17:20,891 - INFO - 🔄 [CONTEXTE] Changement: steel → titanium
2026-04-26 22:17:20,891 - INFO -    Température max: 950°C
2026-04-26 22:17:20,892 - INFO -    Pression max: 12 bar
2026-04-26 22:17:27,549 - WARNING - 🔴 [ROBUSTESSE] Pic de température: +0.32
2026-04-26 22:17:37,532 - INFO - Episode 35/50
2026-04-26 22:17:37,533 - INFO -   Reward: 26054.30
2026-04-26 22:17:37,533 - INFO -   Safety: -2.60%
2026-04-26 22:17:37,533 - INFO -   Violations: 1539
2026-04-26 22:17:37,534 - INFO -   Production: 720
2026-04-26 22:17:37,534 - INFO -   Produit: titanium
2026-04-26 22:17:37,534 - INFO -   Actor Loss: -0.0016 | Critic Loss: 386675.2839
2026-04-26 22:17:37,535 - INFO - --------------------------------------------------
2026-04-26 22:18:00,471 - INFO - Episode 40/50
2026-04-26 22:18:00,472 - INFO -   Reward: 15909.60
2026-04-26 22:18:00,472 - INFO -   Safety: 9.60%
2026-04-26 22:18:00,472 - INFO -   Violations: 1356
2026-04-26 22:18:00,473 - INFO -   Production: 551
2026-04-26 22:18:00,473 - INFO -   Produit: titanium
2026-04-26 22:18:00,474 - INFO -   Actor Loss: -0.0008 | Critic Loss: 228646.3221
2026-04-26 22:18:00,474 - INFO - --------------------------------------------------
2026-04-26 22:18:00,475 - INFO - 🔄 [CONTEXTE] Changement: titanium → plastic
2026-04-26 22:18:00,475 - INFO -    Température max: 400°C
2026-04-26 22:18:00,476 - INFO -    Pression max: 5 bar
2026-04-26 22:18:23,236 - INFO - Episode 45/50
2026-04-26 22:18:23,237 - INFO -   Reward: -41641.00
2026-04-26 22:18:23,237 - INFO -   Safety: -7.00%
2026-04-26 22:18:23,237 - INFO -   Violations: 1605
2026-04-26 22:18:23,238 - INFO -   Production: 0
2026-04-26 22:18:23,238 - INFO -   Produit: plastic
2026-04-26 22:18:23,238 - INFO -   Actor Loss: -0.0052 | Critic Loss: 223952.9247
2026-04-26 22:18:23,238 - INFO - --------------------------------------------------
2026-04-26 22:18:38,151 - INFO - Episode 50/50
2026-04-26 22:18:38,151 - INFO -   Reward: -30989.00
2026-04-26 22:18:38,151 - INFO -   Safety: 23.87%
2026-04-26 22:18:38,152 - INFO -   Violations: 1142
2026-04-26 22:18:38,152 - INFO -   Production: 0
2026-04-26 22:18:38,152 - INFO -   Produit: plastic
2026-04-26 22:18:38,152 - INFO -   Actor Loss: -0.0025 | Critic Loss: 179156.3941
2026-04-26 22:18:38,152 - INFO - --------------------------------------------------
2026-04-26 22:18:38,157 - INFO - 
======================================================================
2026-04-26 22:18:38,157 - INFO - RÉSULTATS FINAUX - MAPPO-Standard
2026-04-26 22:18:38,157 - INFO - ======================================================================
2026-04-26 22:18:38,158 - INFO - Reward moyen: -17123.28 ± 24704.51
2026-04-26 22:18:38,158 - INFO - Taux sécurité moyen: 0.15%
2026-04-26 22:18:38,158 - INFO - Total violations: 74885
2026-04-26 22:18:38,159 - INFO - Production totale: 0
2026-04-26 22:18:38,159 - INFO - 
======================================================================
2026-04-26 22:18:38,159 - INFO - 🔬 RAPPORT DE ROBUSTESSE
2026-04-26 22:18:38,159 - INFO - ======================================================================
2026-04-26 22:18:38,159 - INFO -   Défauts capteurs injectés: 1469
2026-04-26 22:18:38,160 - INFO -   Montées rapides simulées: 0
2026-04-26 22:18:38,160 - INFO -   Conflits de règles simulés: 0
2026-04-26 22:18:38,160 - INFO -   Statistiques injecteur: {'total_faults': 1469, 'by_type': {'nan': 392, 'out_of_range': 360, 'spike': 371, 'stuck': 346}}
2026-04-26 22:18:38,160 - INFO - ======================================================================
2026-04-26 22:18:38,163 - INFO - ✅ Résultats sauvegardés dans results\livrable3/
