2026-04-26 22:56:09,178 - INFO - ======================================================================
2026-04-26 22:56:09,179 - INFO - LIVRABLE 3 - Entraînement MAPPO-Standard
2026-04-26 22:56:09,179 - INFO - Shield neurosymbolique: INACTIF
2026-04-26 22:56:09,179 - INFO - Tests robustesse: ACTIFS
2026-04-26 22:56:09,179 - INFO - Contexte dynamique: ACTIF
2026-04-26 22:56:09,180 - INFO - ======================================================================
2026-04-26 22:56:09,180 - INFO - Environnement créé: 3 agents, 500 steps/épisode
2026-04-26 22:56:09,180 - INFO - Dimensions: obs_dim=6, action_dim=5
2026-04-26 22:56:10,798 - INFO - Système MAPPO (Standard) initialisé
2026-04-26 22:56:10,799 - INFO - 🔄 [CONTEXTE] Changement: None → steel
2026-04-26 22:56:10,799 - INFO -    Température max: 850°C
2026-04-26 22:56:10,799 - INFO -    Pression max: 10 bar
2026-04-26 22:56:21,049 - WARNING - 🔴 [ROBUSTESSE] NaN sur capteur 0
2026-04-26 22:56:23,991 - INFO - Episode 5/50
2026-04-26 22:56:23,992 - INFO -   Reward: -29058.90
2026-04-26 22:56:23,992 - INFO -   Safety: 1.60%
2026-04-26 22:56:23,992 - INFO -   Violations: 1476
2026-04-26 22:56:23,992 - INFO -   Production: 26
2026-04-26 22:56:23,992 - INFO -   Produit: steel
2026-04-26 22:56:23,992 - INFO -   Actor Loss: -0.0029 | Critic Loss: 102353.7549
2026-04-26 22:56:23,993 - INFO - --------------------------------------------------
2026-04-26 22:56:40,662 - INFO - Episode 10/50
2026-04-26 22:56:40,663 - INFO -   Reward: -23629.80
2026-04-26 22:56:40,663 - INFO -   Safety: 1.00%
2026-04-26 22:56:40,663 - INFO -   Violations: 1485
2026-04-26 22:56:40,664 - INFO -   Production: 90
2026-04-26 22:56:40,664 - INFO -   Produit: steel
2026-04-26 22:56:40,664 - INFO -   Actor Loss: -0.0025 | Critic Loss: 65625.0360
2026-04-26 22:56:40,664 - INFO - --------------------------------------------------
2026-04-26 22:56:40,665 - INFO - 🔄 [CONTEXTE] Changement: steel → aluminium
2026-04-26 22:56:40,665 - INFO -    Température max: 650°C
2026-04-26 22:56:40,665 - INFO -    Pression max: 8 bar
2026-04-26 22:56:58,882 - INFO - Episode 15/50
2026-04-26 22:56:58,883 - INFO -   Reward: -3479.20
2026-04-26 22:56:58,883 - INFO -   Safety: 2.73%
2026-04-26 22:56:58,884 - INFO -   Violations: 1459
2026-04-26 22:56:58,884 - INFO -   Production: 315
2026-04-26 22:56:58,884 - INFO -   Produit: aluminium
2026-04-26 22:56:58,884 - INFO -   Actor Loss: -0.0040 | Critic Loss: 51718.4160
2026-04-26 22:56:58,885 - INFO - --------------------------------------------------
2026-04-26 22:57:15,850 - INFO - Episode 20/50
2026-04-26 22:57:15,850 - INFO -   Reward: -11487.30
2026-04-26 22:57:15,851 - INFO -   Safety: -2.53%
2026-04-26 22:57:15,851 - INFO -   Violations: 1538
2026-04-26 22:57:15,851 - INFO -   Production: 329
2026-04-26 22:57:15,851 - INFO -   Produit: aluminium
2026-04-26 22:57:15,852 - INFO -   Actor Loss: -0.0045 | Critic Loss: 61352.5609
2026-04-26 22:57:15,852 - INFO - --------------------------------------------------
2026-04-26 22:57:15,852 - INFO - 🔄 [CONTEXTE] Changement: aluminium → steel
2026-04-26 22:57:15,852 - INFO -    Température max: 850°C
2026-04-26 22:57:15,853 - INFO -    Pression max: 10 bar
2026-04-26 22:57:31,897 - INFO - Episode 25/50
2026-04-26 22:57:31,897 - INFO -   Reward: -590.10
2026-04-26 22:57:31,898 - INFO -   Safety: -10.67%
2026-04-26 22:57:31,898 - INFO -   Violations: 1660
2026-04-26 22:57:31,899 - INFO -   Production: 541
2026-04-26 22:57:31,899 - INFO -   Produit: steel
2026-04-26 22:57:31,899 - INFO -   Actor Loss: -0.0021 | Critic Loss: 92100.6179
2026-04-26 22:57:31,899 - INFO - --------------------------------------------------
2026-04-26 22:57:47,369 - INFO - Episode 30/50
2026-04-26 22:57:47,370 - INFO -   Reward: 31806.40
2026-04-26 22:57:47,370 - INFO -   Safety: 15.80%
2026-04-26 22:57:47,370 - INFO -   Violations: 1263
2026-04-26 22:57:47,371 - INFO -   Production: 809
2026-04-26 22:57:47,371 - INFO -   Produit: steel
2026-04-26 22:57:47,372 - INFO -   Actor Loss: -0.0071 | Critic Loss: 327705.8985
2026-04-26 22:57:47,372 - INFO - --------------------------------------------------
2026-04-26 22:57:47,373 - INFO - 🔄 [CONTEXTE] Changement: steel → titanium
2026-04-26 22:57:47,374 - INFO -    Température max: 950°C
2026-04-26 22:57:47,374 - INFO -    Pression max: 12 bar
2026-04-26 22:58:02,982 - INFO - Episode 35/50
2026-04-26 22:58:02,983 - INFO -   Reward: 6310.80
2026-04-26 22:58:02,984 - INFO -   Safety: -10.60%
2026-04-26 22:58:02,984 - INFO -   Violations: 1659
2026-04-26 22:58:02,984 - INFO -   Production: 596
2026-04-26 22:58:02,985 - INFO -   Produit: titanium
2026-04-26 22:58:02,985 - INFO -   Actor Loss: -0.0025 | Critic Loss: 153535.4551
2026-04-26 22:58:02,985 - INFO - --------------------------------------------------
2026-04-26 22:58:19,429 - INFO - Episode 40/50
2026-04-26 22:58:19,429 - INFO -   Reward: 38657.80
2026-04-26 22:58:19,430 - INFO -   Safety: 8.33%
2026-04-26 22:58:19,430 - INFO -   Violations: 1375
2026-04-26 22:58:19,430 - INFO -   Production: 924
2026-04-26 22:58:19,430 - INFO -   Produit: titanium
2026-04-26 22:58:19,431 - INFO -   Actor Loss: -0.0014 | Critic Loss: 346558.4377
2026-04-26 22:58:19,431 - INFO - --------------------------------------------------
2026-04-26 22:58:19,431 - INFO - 🔄 [CONTEXTE] Changement: titanium → plastic
2026-04-26 22:58:19,432 - INFO -    Température max: 400°C
2026-04-26 22:58:19,432 - INFO -    Pression max: 5 bar
2026-04-26 22:58:34,342 - INFO - Episode 45/50
2026-04-26 22:58:34,342 - INFO -   Reward: -94674.00
2026-04-26 22:58:34,343 - INFO -   Safety: -59.20%
2026-04-26 22:58:34,343 - INFO -   Violations: 2388
2026-04-26 22:58:34,343 - INFO -   Production: 0
2026-04-26 22:58:34,343 - INFO -   Produit: plastic
2026-04-26 22:58:34,343 - INFO -   Actor Loss: -0.0113 | Critic Loss: 1264931.3294
2026-04-26 22:58:34,344 - INFO - --------------------------------------------------
2026-04-26 22:58:47,751 - INFO - Episode 50/50
2026-04-26 22:58:47,752 - INFO -   Reward: -39563.00
2026-04-26 22:58:47,752 - INFO -   Safety: 8.80%
2026-04-26 22:58:47,752 - INFO -   Violations: 1368
2026-04-26 22:58:47,753 - INFO -   Production: 0
2026-04-26 22:58:47,753 - INFO -   Produit: plastic
2026-04-26 22:58:47,753 - INFO -   Actor Loss: -0.0076 | Critic Loss: 289710.8161
2026-04-26 22:58:47,754 - INFO - --------------------------------------------------
2026-04-26 22:58:47,758 - INFO - 
======================================================================
2026-04-26 22:58:47,759 - INFO - RÉSULTATS FINAUX - MAPPO-Standard
2026-04-26 22:58:47,759 - INFO - ======================================================================
2026-04-26 22:58:47,760 - INFO - Reward moyen: -16696.00 ± 35812.32
2026-04-26 22:58:47,760 - INFO - Taux sécurité moyen: -1.94%
2026-04-26 22:58:47,760 - INFO - Total violations: 76457
2026-04-26 22:58:47,761 - INFO - Production totale: 0
2026-04-26 22:58:47,761 - INFO - 
======================================================================
2026-04-26 22:58:47,761 - INFO - 🔬 RAPPORT DE ROBUSTESSE
2026-04-26 22:58:47,762 - INFO - ======================================================================
2026-04-26 22:58:47,762 - INFO -   Défauts capteurs injectés: 1494
2026-04-26 22:58:47,762 - INFO -   Montées rapides simulées: 0
2026-04-26 22:58:47,763 - INFO -   Conflits de règles simulés: 0
2026-04-26 22:58:47,763 - INFO -   Statistiques injecteur: {'total_faults': 1494, 'by_type': {'nan': 396, 'out_of_range': 349, 'spike': 354, 'stuck': 395}}
2026-04-26 22:58:47,763 - INFO - ======================================================================
2026-04-26 22:58:47,777 - INFO - ✅ Résultats sauvegardés dans results\livrable3/
