2026-04-26 22:59:06,233 - INFO - ======================================================================
2026-04-26 22:59:06,233 - INFO - LIVRABLE 3 - Entraînement MAPPO-NS
2026-04-26 22:59:06,234 - INFO - Shield neurosymbolique: ACTIF
2026-04-26 22:59:06,234 - INFO - Tests robustesse: ACTIFS
2026-04-26 22:59:06,234 - INFO - Contexte dynamique: ACTIF
2026-04-26 22:59:06,234 - INFO - ======================================================================
2026-04-26 22:59:06,235 - INFO - Environnement créé: 3 agents, 500 steps/épisode
2026-04-26 22:59:06,236 - INFO - Dimensions: obs_dim=6, action_dim=5
2026-04-26 22:59:06,243 - INFO - Système MAPPO-NS (Neurosymbolique) initialisé
2026-04-26 22:59:06,244 - INFO - 🔄 [CONTEXTE] Changement: plastic → steel
2026-04-26 22:59:06,245 - INFO -    Température max: 850°C
2026-04-26 22:59:06,245 - INFO -    Pression max: 10 bar
2026-04-26 22:59:18,927 - INFO - Episode 5/50
2026-04-26 22:59:18,928 - INFO -   Reward: -30560.30
2026-04-26 22:59:18,928 - INFO -   Safety: 4.27%
2026-04-26 22:59:18,928 - INFO -   Violations: 1436
2026-04-26 22:59:18,928 - INFO -   Production: 7
2026-04-26 22:59:18,928 - INFO -   Produit: steel
2026-04-26 22:59:18,928 - INFO -   Shield corrections: 0
2026-04-26 22:59:18,928 - INFO -   Actor Loss: -0.0542 | Critic Loss: 116933.8644
2026-04-26 22:59:18,929 - INFO - --------------------------------------------------
2026-04-26 22:59:25,834 - WARNING - 🔴 [ROBUSTESSE] Capteurs bloqués à 0.30
2026-04-26 22:59:31,031 - INFO - Episode 10/50
2026-04-26 22:59:31,031 - INFO -   Reward: -24969.30
2026-04-26 22:59:31,031 - INFO -   Safety: 14.40%
2026-04-26 22:59:31,032 - INFO -   Violations: 1284
2026-04-26 22:59:31,032 - INFO -   Production: 24
2026-04-26 22:59:31,032 - INFO -   Produit: steel
2026-04-26 22:59:31,032 - INFO -   Shield corrections: 0
2026-04-26 22:59:31,033 - INFO -   Actor Loss: 0.0036 | Critic Loss: 86318.2148
2026-04-26 22:59:31,033 - INFO - --------------------------------------------------
2026-04-26 22:59:31,033 - INFO - 🔄 [CONTEXTE] Changement: steel → aluminium
2026-04-26 22:59:31,033 - INFO -    Température max: 650°C
2026-04-26 22:59:31,033 - INFO -    Pression max: 8 bar
2026-04-26 22:59:31,034 - WARNING - 🔴 [ROBUSTESSE] NaN sur capteur 3
2026-04-26 22:59:43,901 - INFO - Episode 15/50
2026-04-26 22:59:43,901 - INFO -   Reward: -22939.00
2026-04-26 22:59:43,902 - INFO -   Safety: 32.33%
2026-04-26 22:59:43,902 - INFO -   Violations: 1015
2026-04-26 22:59:43,902 - INFO -   Production: 0
2026-04-26 22:59:43,902 - INFO -   Produit: aluminium
2026-04-26 22:59:43,902 - INFO -   Shield corrections: 172
2026-04-26 22:59:43,902 - INFO -   Actor Loss: -0.0694 | Critic Loss: 76617.2443
2026-04-26 22:59:43,902 - INFO - --------------------------------------------------
2026-04-26 22:59:55,163 - INFO - Episode 20/50
2026-04-26 22:59:55,163 - INFO -   Reward: -28380.00
2026-04-26 22:59:55,163 - INFO -   Safety: 15.60%
2026-04-26 22:59:55,164 - INFO -   Violations: 1266
2026-04-26 22:59:55,164 - INFO -   Production: 0
2026-04-26 22:59:55,164 - INFO -   Produit: aluminium
2026-04-26 22:59:55,164 - INFO -   Shield corrections: 219
2026-04-26 22:59:55,164 - INFO -   Actor Loss: 556.5740 | Critic Loss: 83708.7346
2026-04-26 22:59:55,164 - INFO - --------------------------------------------------
2026-04-26 22:59:55,165 - INFO - 🔄 [CONTEXTE] Changement: aluminium → steel
2026-04-26 22:59:55,165 - INFO -    Température max: 850°C
2026-04-26 22:59:55,165 - INFO -    Pression max: 10 bar
2026-04-26 23:00:05,577 - INFO - Episode 25/50
2026-04-26 23:00:05,577 - INFO -   Reward: -9236.90
2026-04-26 23:00:05,578 - INFO -   Safety: 19.07%
2026-04-26 23:00:05,578 - INFO -   Violations: 1214
2026-04-26 23:00:05,578 - INFO -   Production: 162
2026-04-26 23:00:05,578 - INFO -   Produit: steel
2026-04-26 23:00:05,578 - INFO -   Shield corrections: 219
2026-04-26 23:00:05,578 - INFO -   Actor Loss: -0.0309 | Critic Loss: 120117.1706
2026-04-26 23:00:05,578 - INFO - --------------------------------------------------
