2026-04-23 03:07:14,954 - INFO - ======================================================================
2026-04-23 03:07:14,955 - INFO - LIVRABLE 3 - Entraînement MAPPO-Standard
2026-04-23 03:07:14,955 - INFO - Shield neurosymbolique: INACTIF
2026-04-23 03:07:14,956 - INFO - ======================================================================
2026-04-23 03:07:14,957 - INFO - Environnement créé: 3 agents, 500 steps/épisode
2026-04-23 03:07:14,958 - INFO - Dimensions: obs_dim=6, action_dim=5
2026-04-23 03:07:17,468 - INFO - Système MAPPO (Standard) initialisé
2026-04-23 03:07:30,778 - INFO - Episode 5/50
2026-04-23 03:07:30,779 - INFO -   Reward: -76366.30
2026-04-23 03:07:30,779 - INFO -   Safety: 0.33%
2026-04-23 03:07:30,779 - INFO -   Violations: 1495
2026-04-23 03:07:30,780 - INFO -   Production: 1
2026-04-23 03:07:30,780 - INFO -   Actor Loss: 0.0025 | Critic Loss: 697557.4141
2026-04-23 03:07:30,780 - INFO - --------------------------------------------------
2026-04-23 03:07:45,809 - INFO - Episode 10/50
2026-04-23 03:07:45,810 - INFO -   Reward: -75500.60
2026-04-23 03:07:45,811 - INFO -   Safety: 0.87%
2026-04-23 03:07:45,811 - INFO -   Violations: 1487
2026-04-23 03:07:45,811 - INFO -   Production: 13
2026-04-23 03:07:45,811 - INFO -   Actor Loss: -0.0007 | Critic Loss: 675313.3767
2026-04-23 03:07:45,812 - INFO - --------------------------------------------------
2026-04-23 03:08:01,960 - INFO - Episode 15/50
2026-04-23 03:08:01,961 - INFO -   Reward: -75439.60
2026-04-23 03:08:01,961 - INFO -   Safety: 0.73%
2026-04-23 03:08:01,962 - INFO -   Violations: 1489
2026-04-23 03:08:01,962 - INFO -   Production: 10
2026-04-23 03:08:01,962 - INFO -   Actor Loss: -0.0029 | Critic Loss: 649494.3950
2026-04-23 03:08:01,963 - INFO - --------------------------------------------------
2026-04-23 03:08:22,430 - INFO - Episode 20/50
2026-04-23 03:08:22,431 - INFO -   Reward: -74543.40
2026-04-23 03:08:22,431 - INFO -   Safety: 1.60%
2026-04-23 03:08:22,432 - INFO -   Violations: 1476
2026-04-23 03:08:22,433 - INFO -   Production: 12
2026-04-23 03:08:22,433 - INFO -   Actor Loss: -0.0004 | Critic Loss: 609262.0219
2026-04-23 03:08:22,434 - INFO - --------------------------------------------------
2026-04-23 03:08:40,370 - INFO - Episode 25/50
2026-04-23 03:08:40,370 - INFO -   Reward: -76220.40
2026-04-23 03:08:40,370 - INFO -   Safety: 0.40%
2026-04-23 03:08:40,371 - INFO -   Violations: 1494
2026-04-23 03:08:40,371 - INFO -   Production: 4
2026-04-23 03:08:40,372 - INFO -   Actor Loss: -0.0019 | Critic Loss: 578053.8403
2026-04-23 03:08:40,372 - INFO - --------------------------------------------------
2026-04-23 03:08:56,460 - INFO - Episode 30/50
2026-04-23 03:08:56,461 - INFO -   Reward: -75221.80
2026-04-23 03:08:56,461 - INFO -   Safety: 1.53%
2026-04-23 03:08:56,462 - INFO -   Violations: 1477
2026-04-23 03:08:56,462 - INFO -   Production: 6
2026-04-23 03:08:56,462 - INFO -   Actor Loss: -0.0001 | Critic Loss: 512773.5467
2026-04-23 03:08:56,463 - INFO - --------------------------------------------------
2026-04-23 03:09:14,830 - INFO - Episode 35/50
2026-04-23 03:09:14,831 - INFO -   Reward: -75668.70
2026-04-23 03:09:14,831 - INFO -   Safety: 0.60%
2026-04-23 03:09:14,832 - INFO -   Violations: 1491
2026-04-23 03:09:14,832 - INFO -   Production: 8
2026-04-23 03:09:14,832 - INFO -   Actor Loss: 0.0015 | Critic Loss: 441290.2081
2026-04-23 03:09:14,833 - INFO - --------------------------------------------------
2026-04-23 03:09:38,449 - INFO - Episode 40/50
2026-04-23 03:09:38,449 - INFO -   Reward: -76114.10
2026-04-23 03:09:38,450 - INFO -   Safety: 0.67%
2026-04-23 03:09:38,451 - INFO -   Violations: 1490
2026-04-23 03:09:38,451 - INFO -   Production: 4
2026-04-23 03:09:38,452 - INFO -   Actor Loss: -0.0011 | Critic Loss: 381052.1340
2026-04-23 03:09:38,452 - INFO - --------------------------------------------------
2026-04-23 03:10:03,902 - INFO - Episode 45/50
2026-04-23 03:10:03,903 - INFO -   Reward: -76293.80
2026-04-23 03:10:03,903 - INFO -   Safety: 0.27%
2026-04-23 03:10:03,904 - INFO -   Violations: 1496
2026-04-23 03:10:03,904 - INFO -   Production: 10
2026-04-23 03:10:03,905 - INFO -   Actor Loss: 0.0019 | Critic Loss: 320308.2461
2026-04-23 03:10:03,906 - INFO - --------------------------------------------------
2026-04-23 03:10:20,551 - INFO - Episode 50/50
2026-04-23 03:10:20,551 - INFO -   Reward: -75117.30
2026-04-23 03:10:20,551 - INFO -   Safety: 1.40%
2026-04-23 03:10:20,552 - INFO -   Violations: 1479
2026-04-23 03:10:20,552 - INFO -   Production: 6
2026-04-23 03:10:20,552 - INFO -   Actor Loss: 0.0018 | Critic Loss: 329367.2244
2026-04-23 03:10:20,552 - INFO - --------------------------------------------------
2026-04-23 03:10:20,556 - INFO - 
======================================================================
2026-04-23 03:10:20,556 - INFO - RÉSULTATS FINAUX - MAPPO-Standard
2026-04-23 03:10:20,556 - INFO - ======================================================================
2026-04-23 03:10:20,556 - INFO - Reward moyen: -75675.37 ± 591.87
2026-04-23 03:10:20,557 - INFO - Taux sécurité moyen: 0.79%
2026-04-23 03:10:20,557 - INFO - Total violations: 74404
2026-04-23 03:10:20,557 - INFO - Production totale: 6
2026-04-23 03:10:20,557 - INFO - ======================================================================
2026-04-23 03:10:20,561 - INFO - ✅ Résultats sauvegardés dans results\livrable3/
