2026-04-26 23:10:11,019 - INFO - ======================================================================
2026-04-26 23:10:11,019 - INFO - LIVRABLE 3 - Entraînement MAPPO-Standard
2026-04-26 23:10:11,020 - INFO - Shield neurosymbolique: INACTIF
2026-04-26 23:10:11,020 - INFO - Tests robustesse: ACTIFS
2026-04-26 23:10:11,020 - INFO - Contexte dynamique: ACTIF
2026-04-26 23:10:11,020 - INFO - ======================================================================
2026-04-26 23:10:11,021 - INFO - Environnement créé: 3 agents, 500 steps/épisode
2026-04-26 23:10:11,021 - INFO - Dimensions: obs_dim=6, action_dim=5
2026-04-26 23:10:13,184 - INFO - Système MAPPO (Standard) initialisé
2026-04-26 23:10:13,185 - INFO - 🔄 [CONTEXTE] Changement: None → steel
2026-04-26 23:10:13,186 - INFO -    Température max: 850°C
2026-04-26 23:10:13,186 - INFO -    Pression max: 10 bar
2026-04-26 23:10:27,304 - INFO - Episode 5/50
2026-04-26 23:10:27,305 - INFO -   Reward: -29004.60
2026-04-26 23:10:27,305 - INFO -   Safety: 0.60%
2026-04-26 23:10:27,306 - INFO -   Violations: 1491
2026-04-26 23:10:27,306 - INFO -   Production: 30
2026-04-26 23:10:27,307 - INFO -   Produit: steel
2026-04-26 23:10:27,307 - INFO -   Actor Loss: -0.0071 | Critic Loss: 100063.5646
2026-04-26 23:10:27,307 - INFO - --------------------------------------------------
2026-04-26 23:10:41,878 - INFO - Episode 10/50
2026-04-26 23:10:41,879 - INFO -   Reward: -21249.00
2026-04-26 23:10:41,879 - INFO -   Safety: 2.00%
2026-04-26 23:10:41,879 - INFO -   Violations: 1470
2026-04-26 23:10:41,879 - INFO -   Production: 149
2026-04-26 23:10:41,880 - INFO -   Produit: steel
2026-04-26 23:10:41,880 - INFO -   Actor Loss: -0.0003 | Critic Loss: 60288.3046
2026-04-26 23:10:41,880 - INFO - --------------------------------------------------
2026-04-26 23:10:41,880 - INFO - 🔄 [CONTEXTE] Changement: steel → aluminium
2026-04-26 23:10:41,881 - INFO -    Température max: 650°C
2026-04-26 23:10:41,881 - INFO -    Pression max: 8 bar
2026-04-26 23:11:00,028 - INFO - Episode 15/50
2026-04-26 23:11:00,029 - INFO -   Reward: -15495.70
2026-04-26 23:11:00,029 - INFO -   Safety: 1.53%
2026-04-26 23:11:00,030 - INFO -   Violations: 1477
2026-04-26 23:11:00,030 - INFO -   Production: 382
2026-04-26 23:11:00,030 - INFO -   Produit: aluminium
2026-04-26 23:11:00,031 - INFO -   Actor Loss: -0.0127 | Critic Loss: 45815.0074
2026-04-26 23:11:00,031 - INFO - --------------------------------------------------
2026-04-26 23:11:18,891 - INFO - Episode 20/50
2026-04-26 23:11:18,892 - INFO -   Reward: -12371.20
2026-04-26 23:11:18,892 - INFO -   Safety: -25.87%
2026-04-26 23:11:18,893 - INFO -   Violations: 1888
2026-04-26 23:11:18,893 - INFO -   Production: 521
2026-04-26 23:11:18,894 - INFO -   Produit: aluminium
2026-04-26 23:11:18,894 - INFO -   Actor Loss: -0.0021 | Critic Loss: 141253.6938
2026-04-26 23:11:18,895 - INFO - --------------------------------------------------
2026-04-26 23:11:18,896 - INFO - 🔄 [CONTEXTE] Changement: aluminium → steel
2026-04-26 23:11:18,896 - INFO -    Température max: 850°C
2026-04-26 23:11:18,896 - INFO -    Pression max: 10 bar
2026-04-26 23:11:42,935 - INFO - Episode 25/50
2026-04-26 23:11:42,936 - INFO -   Reward: 8061.70
2026-04-26 23:11:42,936 - INFO -   Safety: -8.13%
2026-04-26 23:11:42,936 - INFO -   Violations: 1622
2026-04-26 23:11:42,937 - INFO -   Production: 622
2026-04-26 23:11:42,937 - INFO -   Produit: steel
2026-04-26 23:11:42,938 - INFO -   Actor Loss: 0.0013 | Critic Loss: 126927.1897
2026-04-26 23:11:42,938 - INFO - --------------------------------------------------
2026-04-26 23:12:17,070 - INFO - Episode 30/50
2026-04-26 23:12:17,075 - INFO -   Reward: 6699.50
2026-04-26 23:12:17,077 - INFO -   Safety: -16.27%
2026-04-26 23:12:17,079 - INFO -   Violations: 1744
2026-04-26 23:12:17,082 - INFO -   Production: 659
2026-04-26 23:12:17,083 - INFO -   Produit: steel
2026-04-26 23:12:17,085 - INFO -   Actor Loss: -0.0050 | Critic Loss: 196485.5173
2026-04-26 23:12:17,086 - INFO - --------------------------------------------------
2026-04-26 23:12:17,093 - INFO - 🔄 [CONTEXTE] Changement: steel → titanium
2026-04-26 23:12:17,095 - INFO -    Température max: 950°C
2026-04-26 23:12:17,098 - INFO -    Pression max: 12 bar
2026-04-26 23:12:39,515 - INFO - Episode 35/50
2026-04-26 23:12:39,516 - INFO -   Reward: 36498.10
2026-04-26 23:12:39,516 - INFO -   Safety: -18.13%
2026-04-26 23:12:39,517 - INFO -   Violations: 1772
2026-04-26 23:12:39,517 - INFO -   Production: 1011
2026-04-26 23:12:39,519 - INFO -   Produit: titanium
2026-04-26 23:12:39,519 - INFO -   Actor Loss: -0.0020 | Critic Loss: 398871.1140
2026-04-26 23:12:39,520 - INFO - --------------------------------------------------
