2026-04-23 03:10:20,573 - INFO - ======================================================================
2026-04-23 03:10:20,573 - INFO - LIVRABLE 3 - Entraînement MAPPO-NS
2026-04-23 03:10:20,574 - INFO - Shield neurosymbolique: ACTIF
2026-04-23 03:10:20,574 - INFO - ======================================================================
2026-04-23 03:10:20,576 - INFO - Environnement créé: 3 agents, 500 steps/épisode
2026-04-23 03:10:20,576 - INFO - Dimensions: obs_dim=6, action_dim=5
2026-04-23 03:10:20,581 - INFO - Système MAPPO-NS (Neurosymbolique) initialisé
2026-04-23 03:10:36,798 - INFO - Episode 5/50
2026-04-23 03:10:36,799 - INFO -   Reward: -77394.00
2026-04-23 03:10:36,799 - INFO -   Safety: 0.80%
2026-04-23 03:10:36,800 - INFO -   Violations: 1488
2026-04-23 03:10:36,800 - INFO -   Production: 0
2026-04-23 03:10:36,801 - INFO -   Shield corrections: 0
2026-04-23 03:10:36,801 - INFO -   Actor Loss: -0.0018 | Critic Loss: 720495.6628
2026-04-23 03:10:36,802 - INFO - --------------------------------------------------
2026-04-23 03:11:18,488 - INFO - Episode 10/50
2026-04-23 03:11:18,488 - INFO -   Reward: -77737.00
2026-04-23 03:11:18,489 - INFO -   Safety: 0.33%
2026-04-23 03:11:18,489 - INFO -   Violations: 1495
2026-04-23 03:11:18,489 - INFO -   Production: 0
2026-04-23 03:11:18,489 - INFO -   Shield corrections: 0
2026-04-23 03:11:18,490 - INFO -   Actor Loss: -0.0010 | Critic Loss: 708955.2448
2026-04-23 03:11:18,490 - INFO - --------------------------------------------------
2026-04-23 03:12:25,228 - INFO - Episode 15/50
2026-04-23 03:12:25,228 - INFO -   Reward: -77400.00
2026-04-23 03:12:25,229 - INFO -   Safety: 0.80%
2026-04-23 03:12:25,229 - INFO -   Violations: 1488
2026-04-23 03:12:25,230 - INFO -   Production: 0
2026-04-23 03:12:25,230 - INFO -   Shield corrections: 0
2026-04-23 03:12:25,230 - INFO -   Actor Loss: -0.0039 | Critic Loss: 681302.8138
2026-04-23 03:12:25,231 - INFO - --------------------------------------------------
2026-04-23 03:13:19,912 - INFO - Episode 20/50
2026-04-23 03:13:19,912 - INFO -   Reward: -75865.00
2026-04-23 03:13:19,913 - INFO -   Safety: 2.73%
2026-04-23 03:13:19,913 - INFO -   Violations: 1459
2026-04-23 03:13:19,913 - INFO -   Production: 0
2026-04-23 03:13:19,914 - INFO -   Shield corrections: 0
2026-04-23 03:13:19,915 - INFO -   Actor Loss: 0.0024 | Critic Loss: 634997.9245
2026-04-23 03:13:19,915 - INFO - --------------------------------------------------
2026-04-23 03:13:54,978 - INFO - Episode 25/50
2026-04-23 03:13:54,979 - INFO -   Reward: -76807.00
2026-04-23 03:13:54,980 - INFO -   Safety: 1.53%
2026-04-23 03:13:54,981 - INFO -   Violations: 1477
2026-04-23 03:13:54,982 - INFO -   Production: 0
2026-04-23 03:13:54,982 - INFO -   Shield corrections: 0
2026-04-23 03:13:54,983 - INFO -   Actor Loss: -0.0006 | Critic Loss: 581800.5595
2026-04-23 03:13:54,983 - INFO - --------------------------------------------------
