2026-04-26 22:35:10,706 - INFO - ======================================================================
2026-04-26 22:35:10,706 - INFO - LIVRABLE 3 - Entraînement MAPPO-Standard
2026-04-26 22:35:10,706 - INFO - Shield neurosymbolique: INACTIF
2026-04-26 22:35:10,706 - INFO - Tests robustesse: ACTIFS
2026-04-26 22:35:10,707 - INFO - Contexte dynamique: ACTIF
2026-04-26 22:35:10,707 - INFO - ======================================================================
2026-04-26 22:35:10,708 - INFO - Environnement créé: 3 agents, 500 steps/épisode
2026-04-26 22:35:10,708 - INFO - Dimensions: obs_dim=6, action_dim=5
2026-04-26 22:35:13,227 - INFO - Système MAPPO (Standard) initialisé
2026-04-26 22:35:13,229 - INFO - 🔄 [CONTEXTE] Changement: None → steel
2026-04-26 22:35:13,230 - INFO -    Température max: 850°C
2026-04-26 22:35:13,231 - INFO -    Pression max: 10 bar
2026-04-26 22:35:18,851 - WARNING - 🔴 [ROBUSTESSE] Pic de température: +0.72
2026-04-26 22:35:28,233 - INFO - Episode 5/50
2026-04-26 22:35:28,233 - INFO -   Reward: -30002.10
2026-04-26 22:35:28,234 - INFO -   Safety: 0.80%
2026-04-26 22:35:28,234 - INFO -   Violations: 1488
2026-04-26 22:35:28,234 - INFO -   Production: 27
2026-04-26 22:35:28,234 - INFO -   Produit: steel
2026-04-26 22:35:28,235 - INFO -   Actor Loss: -0.0017 | Critic Loss: 107162.6095
2026-04-26 22:35:28,235 - INFO - --------------------------------------------------
2026-04-26 22:35:31,247 - WARNING - 🔴 [ROBUSTESSE] NaN sur capteur 0
2026-04-26 22:35:44,820 - INFO - Episode 10/50
2026-04-26 22:35:44,821 - INFO -   Reward: 11981.50
2026-04-26 22:35:44,821 - INFO -   Safety: 1.60%
2026-04-26 22:35:44,821 - INFO -   Violations: 1476
2026-04-26 22:35:44,822 - INFO -   Production: 529
2026-04-26 22:35:44,822 - INFO -   Produit: steel
2026-04-26 22:35:44,822 - INFO -   Actor Loss: -0.0088 | Critic Loss: 205486.2246
2026-04-26 22:35:44,823 - INFO - --------------------------------------------------
2026-04-26 22:35:44,824 - INFO - 🔄 [CONTEXTE] Changement: steel → aluminium
2026-04-26 22:35:44,825 - INFO -    Température max: 650°C
2026-04-26 22:35:44,825 - INFO -    Pression max: 8 bar
2026-04-26 22:36:03,295 - INFO - Episode 15/50
2026-04-26 22:36:03,295 - INFO -   Reward: -15224.90
2026-04-26 22:36:03,296 - INFO -   Safety: -33.33%
2026-04-26 22:36:03,296 - INFO -   Violations: 2000
2026-04-26 22:36:03,296 - INFO -   Production: 650
2026-04-26 22:36:03,297 - INFO -   Produit: aluminium
2026-04-26 22:36:03,297 - INFO -   Actor Loss: -0.0061 | Critic Loss: 175816.6033
2026-04-26 22:36:03,297 - INFO - --------------------------------------------------
2026-04-26 22:36:20,376 - INFO - Episode 20/50
2026-04-26 22:36:20,377 - INFO -   Reward: -1800.90
2026-04-26 22:36:20,377 - INFO -   Safety: -13.53%
2026-04-26 22:36:20,378 - INFO -   Violations: 1703
2026-04-26 22:36:20,378 - INFO -   Production: 529
2026-04-26 22:36:20,378 - INFO -   Produit: aluminium
2026-04-26 22:36:20,379 - INFO -   Actor Loss: 0.0016 | Critic Loss: 89600.8669
2026-04-26 22:36:20,379 - INFO - --------------------------------------------------
2026-04-26 22:36:20,379 - INFO - 🔄 [CONTEXTE] Changement: aluminium → steel
2026-04-26 22:36:20,380 - INFO -    Température max: 850°C
2026-04-26 22:36:20,380 - INFO -    Pression max: 10 bar
2026-04-26 22:36:37,471 - INFO - Episode 25/50
2026-04-26 22:36:37,472 - INFO -   Reward: 27478.70
2026-04-26 22:36:37,472 - INFO -   Safety: -10.60%
2026-04-26 22:36:37,473 - INFO -   Violations: 1659
2026-04-26 22:36:37,473 - INFO -   Production: 802
2026-04-26 22:36:37,473 - INFO -   Produit: steel
2026-04-26 22:36:37,473 - INFO -   Actor Loss: -0.0051 | Critic Loss: 244801.7523
2026-04-26 22:36:37,474 - INFO - --------------------------------------------------
2026-04-26 22:36:53,755 - INFO - Episode 30/50
2026-04-26 22:36:53,756 - INFO -   Reward: 10437.00
2026-04-26 22:36:53,756 - INFO -   Safety: -2.53%
2026-04-26 22:36:53,756 - INFO -   Violations: 1538
2026-04-26 22:36:53,757 - INFO -   Production: 633
2026-04-26 22:36:53,757 - INFO -   Produit: steel
2026-04-26 22:36:53,757 - INFO -   Actor Loss: 0.0008 | Critic Loss: 155903.7007
2026-04-26 22:36:53,757 - INFO - --------------------------------------------------
2026-04-26 22:36:53,758 - INFO - 🔄 [CONTEXTE] Changement: steel → titanium
2026-04-26 22:36:53,758 - INFO -    Température max: 950°C
2026-04-26 22:36:53,758 - INFO -    Pression max: 12 bar
2026-04-26 22:37:10,567 - INFO - Episode 35/50
2026-04-26 22:37:10,567 - INFO -   Reward: 35947.00
2026-04-26 22:37:10,568 - INFO -   Safety: -25.40%
2026-04-26 22:37:10,568 - INFO -   Violations: 1881
2026-04-26 22:37:10,568 - INFO -   Production: 1025
2026-04-26 22:37:10,568 - INFO -   Produit: titanium
2026-04-26 22:37:10,569 - INFO -   Actor Loss: -0.0026 | Critic Loss: 363844.0218
2026-04-26 22:37:10,569 - INFO - --------------------------------------------------
2026-04-26 22:37:27,523 - INFO - Episode 40/50
2026-04-26 22:37:27,523 - INFO -   Reward: 11628.10
2026-04-26 22:37:27,524 - INFO -   Safety: 2.80%
2026-04-26 22:37:27,524 - INFO -   Violations: 1458
2026-04-26 22:37:27,524 - INFO -   Production: 553
2026-04-26 22:37:27,524 - INFO -   Produit: titanium
2026-04-26 22:37:27,525 - INFO -   Actor Loss: -0.0027 | Critic Loss: 163656.3931
2026-04-26 22:37:27,525 - INFO - --------------------------------------------------
2026-04-26 22:37:27,525 - INFO - 🔄 [CONTEXTE] Changement: titanium → plastic
2026-04-26 22:37:27,526 - INFO -    Température max: 400°C
2026-04-26 22:37:27,526 - INFO -    Pression max: 5 bar
2026-04-26 22:37:39,072 - WARNING - 🔴 [ROBUSTESSE] Valeur 2.05 hors [0,1]
2026-04-26 22:37:41,226 - INFO - Episode 45/50
2026-04-26 22:37:41,227 - INFO -   Reward: -77528.00
2026-04-26 22:37:41,227 - INFO -   Safety: -37.27%
2026-04-26 22:37:41,228 - INFO -   Violations: 2059
2026-04-26 22:37:41,228 - INFO -   Production: 0
2026-04-26 22:37:41,228 - INFO -   Produit: plastic
2026-04-26 22:37:41,228 - INFO -   Actor Loss: -0.0111 | Critic Loss: 950110.5501
2026-04-26 22:37:41,228 - INFO - --------------------------------------------------
2026-04-26 22:37:52,774 - INFO - Episode 50/50
2026-04-26 22:37:52,774 - INFO -   Reward: -51567.00
2026-04-26 22:37:52,775 - INFO -   Safety: -1.33%
2026-04-26 22:37:52,775 - INFO -   Violations: 1520
2026-04-26 22:37:52,775 - INFO -   Production: 0
2026-04-26 22:37:52,775 - INFO -   Produit: plastic
2026-04-26 22:37:52,775 - INFO -   Actor Loss: -0.0096 | Critic Loss: 466151.8318
2026-04-26 22:37:52,775 - INFO - --------------------------------------------------
2026-04-26 22:37:52,778 - INFO - 
======================================================================
2026-04-26 22:37:52,778 - INFO - RÉSULTATS FINAUX - MAPPO-Standard
2026-04-26 22:37:52,778 - INFO - ======================================================================
2026-04-26 22:37:52,778 - INFO - Reward moyen: -14381.80 ± 35679.99
2026-04-26 22:37:52,779 - INFO - Taux sécurité moyen: -8.51%
2026-04-26 22:37:52,779 - INFO - Total violations: 81381
2026-04-26 22:37:52,779 - INFO - Production totale: 0
2026-04-26 22:37:52,779 - INFO - 
======================================================================
2026-04-26 22:37:52,779 - INFO - 🔬 RAPPORT DE ROBUSTESSE
2026-04-26 22:37:52,779 - INFO - ======================================================================
2026-04-26 22:37:52,779 - INFO -   Défauts capteurs injectés: 1475
2026-04-26 22:37:52,779 - INFO -   Montées rapides simulées: 0
2026-04-26 22:37:52,779 - INFO -   Conflits de règles simulés: 0
2026-04-26 22:37:52,780 - INFO -   Statistiques injecteur: {'total_faults': 1475, 'by_type': {'nan': 372, 'out_of_range': 353, 'spike': 384, 'stuck': 366}}
2026-04-26 22:37:52,780 - INFO - ======================================================================
2026-04-26 22:37:52,782 - INFO - ✅ Résultats sauvegardés dans results\livrable3/
