2026-04-26 22:56:23,922 - INFO - ======================================================================
2026-04-26 22:56:23,922 - INFO - LIVRABLE 3 - Entraînement MAPPO-Standard
2026-04-26 22:56:23,922 - INFO - Shield neurosymbolique: INACTIF
2026-04-26 22:56:23,923 - INFO - Tests robustesse: ACTIFS
2026-04-26 22:56:23,923 - INFO - Contexte dynamique: ACTIF
2026-04-26 22:56:23,923 - INFO - ======================================================================
2026-04-26 22:56:23,924 - INFO - Environnement créé: 3 agents, 500 steps/épisode
2026-04-26 22:56:23,924 - INFO - Dimensions: obs_dim=6, action_dim=5
2026-04-26 22:56:25,951 - INFO - Système MAPPO (Standard) initialisé
2026-04-26 22:56:25,952 - INFO - 🔄 [CONTEXTE] Changement: None → steel
2026-04-26 22:56:25,952 - INFO -    Température max: 850°C
2026-04-26 22:56:25,952 - INFO -    Pression max: 10 bar
2026-04-26 22:56:25,958 - WARNING - 🔴 [ROBUSTESSE] NaN sur capteur 3
2026-04-26 22:56:29,277 - WARNING - 🔴 [ROBUSTESSE] NaN sur capteur 1
2026-04-26 22:56:29,280 - WARNING - 🔴 [ROBUSTESSE] NaN sur capteur 0
2026-04-26 22:56:43,200 - INFO - Episode 5/50
2026-04-26 22:56:43,201 - INFO -   Reward: -29740.50
2026-04-26 22:56:43,201 - INFO -   Safety: 0.80%
2026-04-26 22:56:43,202 - INFO -   Violations: 1488
2026-04-26 22:56:43,202 - INFO -   Production: 28
2026-04-26 22:56:43,202 - INFO -   Produit: steel
2026-04-26 22:56:43,203 - INFO -   Actor Loss: -0.0044 | Critic Loss: 105858.4954
2026-04-26 22:56:43,203 - INFO - --------------------------------------------------
2026-04-26 22:56:52,198 - WARNING - 🔴 [ROBUSTESSE] Pic de température: +0.78
2026-04-26 22:57:04,990 - INFO - Episode 10/50
2026-04-26 22:57:04,990 - INFO -   Reward: -12781.10
2026-04-26 22:57:04,990 - INFO -   Safety: 1.67%
2026-04-26 22:57:04,991 - INFO -   Violations: 1475
2026-04-26 22:57:04,991 - INFO -   Production: 202
2026-04-26 22:57:04,991 - INFO -   Produit: steel
2026-04-26 22:57:04,991 - INFO -   Actor Loss: -0.0049 | Critic Loss: 72477.6243
2026-04-26 22:57:04,992 - INFO - --------------------------------------------------
2026-04-26 22:57:04,992 - INFO - 🔄 [CONTEXTE] Changement: steel → aluminium
2026-04-26 22:57:04,992 - INFO -    Température max: 650°C
2026-04-26 22:57:04,993 - INFO -    Pression max: 8 bar
2026-04-26 22:57:21,748 - INFO - Episode 15/50
2026-04-26 22:57:21,748 - INFO -   Reward: -456.00
2026-04-26 22:57:21,749 - INFO -   Safety: 4.00%
2026-04-26 22:57:21,749 - INFO -   Violations: 1440
2026-04-26 22:57:21,749 - INFO -   Production: 368
2026-04-26 22:57:21,749 - INFO -   Produit: aluminium
2026-04-26 22:57:21,750 - INFO -   Actor Loss: -0.0062 | Critic Loss: 75403.4890
2026-04-26 22:57:21,750 - INFO - --------------------------------------------------
2026-04-26 22:57:39,327 - INFO - Episode 20/50
2026-04-26 22:57:39,328 - INFO -   Reward: -10581.10
2026-04-26 22:57:39,328 - INFO -   Safety: -11.60%
2026-04-26 22:57:39,328 - INFO -   Violations: 1674
2026-04-26 22:57:39,329 - INFO -   Production: 382
2026-04-26 22:57:39,329 - INFO -   Produit: aluminium
2026-04-26 22:57:39,329 - INFO -   Actor Loss: -0.0017 | Critic Loss: 110451.3137
2026-04-26 22:57:39,329 - INFO - --------------------------------------------------
2026-04-26 22:57:39,329 - INFO - 🔄 [CONTEXTE] Changement: aluminium → steel
2026-04-26 22:57:39,330 - INFO -    Température max: 850°C
2026-04-26 22:57:39,330 - INFO -    Pression max: 10 bar
2026-04-26 22:57:42,942 - WARNING - 🔴 [ROBUSTESSE] Valeur 2.46 hors [0,1]
2026-04-26 22:57:55,333 - INFO - Episode 25/50
2026-04-26 22:57:55,334 - INFO -   Reward: 1602.20
2026-04-26 22:57:55,334 - INFO -   Safety: -1.87%
2026-04-26 22:57:55,334 - INFO -   Violations: 1528
2026-04-26 22:57:55,334 - INFO -   Production: 437
2026-04-26 22:57:55,334 - INFO -   Produit: steel
2026-04-26 22:57:55,334 - INFO -   Actor Loss: -0.0066 | Critic Loss: 173669.8430
2026-04-26 22:57:55,335 - INFO - --------------------------------------------------
2026-04-26 22:58:13,723 - INFO - Episode 30/50
2026-04-26 22:58:13,723 - INFO -   Reward: 3215.90
2026-04-26 22:58:13,724 - INFO -   Safety: 12.00%
2026-04-26 22:58:13,724 - INFO -   Violations: 1320
2026-04-26 22:58:13,724 - INFO -   Production: 409
2026-04-26 22:58:13,724 - INFO -   Produit: steel
2026-04-26 22:58:13,725 - INFO -   Actor Loss: -0.0045 | Critic Loss: 116430.6708
2026-04-26 22:58:13,725 - INFO - --------------------------------------------------
2026-04-26 22:58:13,725 - INFO - 🔄 [CONTEXTE] Changement: steel → titanium
2026-04-26 22:58:13,725 - INFO -    Température max: 950°C
2026-04-26 22:58:13,726 - INFO -    Pression max: 12 bar
2026-04-26 22:58:29,500 - INFO - Episode 35/50
2026-04-26 22:58:29,501 - INFO -   Reward: 3347.00
2026-04-26 22:58:29,501 - INFO -   Safety: 16.67%
2026-04-26 22:58:29,501 - INFO -   Violations: 1250
2026-04-26 22:58:29,501 - INFO -   Production: 428
2026-04-26 22:58:29,501 - INFO -   Produit: titanium
2026-04-26 22:58:29,501 - INFO -   Actor Loss: -0.0032 | Critic Loss: 130479.6117
2026-04-26 22:58:29,502 - INFO - --------------------------------------------------
2026-04-26 22:58:39,886 - WARNING - 🔴 [ROBUSTESSE] Capteurs bloqués à 0.28
2026-04-26 22:58:42,710 - INFO - Episode 40/50
2026-04-26 22:58:42,710 - INFO -   Reward: 22974.60
2026-04-26 22:58:42,710 - INFO -   Safety: 26.47%
2026-04-26 22:58:42,710 - INFO -   Violations: 1103
2026-04-26 22:58:42,710 - INFO -   Production: 685
2026-04-26 22:58:42,711 - INFO -   Produit: titanium
2026-04-26 22:58:42,711 - INFO -   Actor Loss: -0.0004 | Critic Loss: 243618.1316
2026-04-26 22:58:42,711 - INFO - --------------------------------------------------
2026-04-26 22:58:42,711 - INFO - 🔄 [CONTEXTE] Changement: titanium → plastic
2026-04-26 22:58:42,711 - INFO -    Température max: 400°C
2026-04-26 22:58:42,711 - INFO -    Pression max: 5 bar
2026-04-26 22:58:54,676 - INFO - Episode 45/50
2026-04-26 22:58:54,676 - INFO -   Reward: -69843.00
2026-04-26 22:58:54,676 - INFO -   Safety: -5.07%
2026-04-26 22:58:54,677 - INFO -   Violations: 1576
2026-04-26 22:58:54,677 - INFO -   Production: 0
2026-04-26 22:58:54,677 - INFO -   Produit: plastic
2026-04-26 22:58:54,677 - INFO -   Actor Loss: -0.0005 | Critic Loss: 1260722.3568
2026-04-26 22:58:54,677 - INFO - --------------------------------------------------
2026-04-26 22:58:54,679 - WARNING - 🔴 [ROBUSTESSE] NaN sur capteur 4
2026-04-26 22:59:06,215 - INFO - Episode 50/50
2026-04-26 22:59:06,215 - INFO -   Reward: -52391.00
2026-04-26 22:59:06,215 - INFO -   Safety: 2.73%
2026-04-26 22:59:06,216 - INFO -   Violations: 1459
2026-04-26 22:59:06,216 - INFO -   Production: 0
2026-04-26 22:59:06,216 - INFO -   Produit: plastic
2026-04-26 22:59:06,216 - INFO -   Actor Loss: -0.0066 | Critic Loss: 516808.3844
2026-04-26 22:59:06,216 - INFO - --------------------------------------------------
2026-04-26 22:59:06,219 - INFO - 
======================================================================
2026-04-26 22:59:06,220 - INFO - RÉSULTATS FINAUX - MAPPO-Standard
2026-04-26 22:59:06,220 - INFO - ======================================================================
2026-04-26 22:59:06,220 - INFO - Reward moyen: -20813.95 ± 35474.92
2026-04-26 22:59:06,221 - INFO - Taux sécurité moyen: -0.05%
2026-04-26 22:59:06,221 - INFO - Total violations: 75036
2026-04-26 22:59:06,221 - INFO - Production totale: 0
2026-04-26 22:59:06,221 - INFO - 
======================================================================
2026-04-26 22:59:06,221 - INFO - 🔬 RAPPORT DE ROBUSTESSE
2026-04-26 22:59:06,221 - INFO - ======================================================================
2026-04-26 22:59:06,221 - INFO -   Défauts capteurs injectés: 1591
2026-04-26 22:59:06,221 - INFO -   Montées rapides simulées: 0
2026-04-26 22:59:06,222 - INFO -   Conflits de règles simulés: 0
2026-04-26 22:59:06,222 - INFO -   Statistiques injecteur: {'total_faults': 1591, 'by_type': {'nan': 378, 'out_of_range': 387, 'spike': 392, 'stuck': 434}}
2026-04-26 22:59:06,222 - INFO - ======================================================================
2026-04-26 22:59:06,231 - INFO - ✅ Résultats sauvegardés dans results\livrable3/
