2026-04-26 22:55:42,285 - INFO - ======================================================================
2026-04-26 22:55:42,286 - INFO - LIVRABLE 3 - Entraînement MAPPO-NS
2026-04-26 22:55:42,286 - INFO - Shield neurosymbolique: ACTIF
2026-04-26 22:55:42,286 - INFO - Tests robustesse: ACTIFS
2026-04-26 22:55:42,286 - INFO - Contexte dynamique: ACTIF
2026-04-26 22:55:42,287 - INFO - ======================================================================
2026-04-26 22:55:42,287 - INFO - Environnement créé: 3 agents, 500 steps/épisode
2026-04-26 22:55:42,288 - INFO - Dimensions: obs_dim=6, action_dim=5
2026-04-26 22:55:43,630 - INFO - Système MAPPO-NS (Neurosymbolique) initialisé
2026-04-26 22:55:43,631 - INFO - 🔄 [CONTEXTE] Changement: None → steel
2026-04-26 22:55:43,631 - INFO -    Température max: 850°C
2026-04-26 22:55:43,632 - INFO -    Pression max: 10 bar
2026-04-26 22:55:43,637 - WARNING - 🔴 [ROBUSTESSE] NaN sur capteur 5
2026-04-26 22:55:53,528 - INFO - Episode 5/50
2026-04-26 22:55:53,529 - INFO -   Reward: -32143.00
2026-04-26 22:55:53,529 - INFO -   Safety: 2.73%
2026-04-26 22:55:53,529 - INFO -   Violations: 1459
2026-04-26 22:55:53,529 - INFO -   Production: 0
2026-04-26 22:55:53,530 - INFO -   Produit: steel
2026-04-26 22:55:53,530 - INFO -   Shield corrections: 0
2026-04-26 22:55:53,530 - INFO -   Actor Loss: -0.0487 | Critic Loss: 125714.8362
2026-04-26 22:55:53,530 - INFO - --------------------------------------------------
2026-04-26 22:56:04,617 - INFO - Episode 10/50
2026-04-26 22:56:04,618 - INFO -   Reward: -23295.50
2026-04-26 22:56:04,618 - INFO -   Safety: 21.07%
2026-04-26 22:56:04,618 - INFO -   Violations: 1184
2026-04-26 22:56:04,618 - INFO -   Production: 23
2026-04-26 22:56:04,618 - INFO -   Produit: steel
2026-04-26 22:56:04,618 - INFO -   Shield corrections: 0
2026-04-26 22:56:04,619 - INFO -   Actor Loss: -0.0650 | Critic Loss: 81058.4096
2026-04-26 22:56:04,619 - INFO - --------------------------------------------------
2026-04-26 22:56:04,619 - INFO - 🔄 [CONTEXTE] Changement: steel → aluminium
2026-04-26 22:56:04,619 - INFO -    Température max: 650°C
2026-04-26 22:56:04,619 - INFO -    Pression max: 8 bar
2026-04-26 22:56:17,367 - INFO - Episode 15/50
2026-04-26 22:56:17,368 - INFO -   Reward: -25881.00
2026-04-26 22:56:17,368 - INFO -   Safety: 24.40%
2026-04-26 22:56:17,368 - INFO -   Violations: 1134
2026-04-26 22:56:17,368 - INFO -   Production: 0
2026-04-26 22:56:17,369 - INFO -   Produit: aluminium
2026-04-26 22:56:17,369 - INFO -   Shield corrections: 152
2026-04-26 22:56:17,369 - INFO -   Actor Loss: -0.0697 | Critic Loss: 86122.5649
2026-04-26 22:56:17,369 - INFO - --------------------------------------------------
2026-04-26 22:56:35,573 - INFO - Episode 20/50
2026-04-26 22:56:35,573 - INFO -   Reward: -18922.00
2026-04-26 22:56:35,574 - INFO -   Safety: 48.53%
2026-04-26 22:56:35,574 - INFO -   Violations: 772
2026-04-26 22:56:35,574 - INFO -   Production: 0
2026-04-26 22:56:35,575 - INFO -   Produit: aluminium
2026-04-26 22:56:35,575 - INFO -   Shield corrections: 240
2026-04-26 22:56:35,575 - INFO -   Actor Loss: 0.0060 | Critic Loss: 48195.5637
2026-04-26 22:56:35,575 - INFO - --------------------------------------------------
2026-04-26 22:56:35,576 - INFO - 🔄 [CONTEXTE] Changement: aluminium → steel
2026-04-26 22:56:35,576 - INFO -    Température max: 850°C
2026-04-26 22:56:35,576 - INFO -    Pression max: 10 bar
2026-04-26 22:56:58,474 - INFO - Episode 25/50
2026-04-26 22:56:58,475 - INFO -   Reward: -16848.00
2026-04-26 22:56:58,475 - INFO -   Safety: 55.20%
2026-04-26 22:56:58,476 - INFO -   Violations: 672
2026-04-26 22:56:58,476 - INFO -   Production: 0
2026-04-26 22:56:58,476 - INFO -   Produit: steel
2026-04-26 22:56:58,477 - INFO -   Shield corrections: 240
2026-04-26 22:56:58,477 - INFO -   Actor Loss: 6.0822 | Critic Loss: 34442.6984
2026-04-26 22:56:58,477 - INFO - --------------------------------------------------
