2026-04-26 23:10:26,365 - INFO - ======================================================================
2026-04-26 23:10:26,366 - INFO - LIVRABLE 3 - Entraînement MAPPO-Standard
2026-04-26 23:10:26,366 - INFO - Shield neurosymbolique: INACTIF
2026-04-26 23:10:26,366 - INFO - Tests robustesse: INACTIFS
2026-04-26 23:10:26,366 - INFO - Contexte dynamique: INACTIF
2026-04-26 23:10:26,367 - INFO - ======================================================================
2026-04-26 23:10:26,368 - INFO - Environnement créé: 3 agents, 500 steps/épisode
2026-04-26 23:10:26,368 - INFO - Dimensions: obs_dim=6, action_dim=5
2026-04-26 23:10:28,825 - INFO - Système MAPPO (Standard) initialisé
2026-04-26 23:10:44,266 - INFO - Episode 5/10
2026-04-26 23:10:44,267 - INFO -   Reward: -29563.00
2026-04-26 23:10:44,267 - INFO -   Safety: 0.93%
2026-04-26 23:10:44,268 - INFO -   Violations: 1486
2026-04-26 23:10:44,268 - INFO -   Production: 20
2026-04-26 23:10:44,269 - INFO -   Produit: steel
2026-04-26 23:10:44,269 - INFO -   Actor Loss: 0.0011 | Critic Loss: 104613.1165
2026-04-26 23:10:44,269 - INFO - --------------------------------------------------
2026-04-26 23:11:01,805 - INFO - Episode 10/10
2026-04-26 23:11:01,806 - INFO -   Reward: -23839.60
2026-04-26 23:11:01,807 - INFO -   Safety: 0.13%
2026-04-26 23:11:01,807 - INFO -   Violations: 1498
2026-04-26 23:11:01,807 - INFO -   Production: 96
2026-04-26 23:11:01,808 - INFO -   Produit: steel
2026-04-26 23:11:01,808 - INFO -   Actor Loss: -0.0018 | Critic Loss: 68968.5858
2026-04-26 23:11:01,808 - INFO - --------------------------------------------------
2026-04-26 23:11:01,809 - INFO - 
======================================================================
2026-04-26 23:11:01,809 - INFO - RÉSULTATS FINAUX - MAPPO-Standard
2026-04-26 23:11:01,810 - INFO - ======================================================================
2026-04-26 23:11:01,810 - INFO - Reward moyen: -29022.29 ± 2153.66
2026-04-26 23:11:01,811 - INFO - Taux sécurité moyen: 0.79%
2026-04-26 23:11:01,811 - INFO - Total violations: 14882
2026-04-26 23:11:01,812 - INFO - Production totale: 96
2026-04-26 23:11:01,821 - INFO - ✅ Résultats sauvegardés dans results\livrable3/
