2026-04-26 22:34:47,436 - INFO - ======================================================================
2026-04-26 22:34:47,436 - INFO - LIVRABLE 3 - Entraînement MAPPO-Standard
2026-04-26 22:34:47,437 - INFO - Shield neurosymbolique: INACTIF
2026-04-26 22:34:47,437 - INFO - Tests robustesse: ACTIFS
2026-04-26 22:34:47,437 - INFO - Contexte dynamique: ACTIF
2026-04-26 22:34:47,437 - INFO - ======================================================================
2026-04-26 22:34:47,438 - INFO - Environnement créé: 3 agents, 500 steps/épisode
2026-04-26 22:34:47,438 - INFO - Dimensions: obs_dim=6, action_dim=5
2026-04-26 22:34:48,901 - INFO - Système MAPPO (Standard) initialisé
2026-04-26 22:34:48,902 - INFO - 🔄 [CONTEXTE] Changement: None → steel
2026-04-26 22:34:48,902 - INFO -    Température max: 850°C
2026-04-26 22:34:48,902 - INFO -    Pression max: 10 bar
2026-04-26 22:34:54,583 - WARNING - 🔴 [ROBUSTESSE] NaN sur capteur 4
2026-04-26 22:34:54,584 - WARNING - 🔴 [ROBUSTESSE] NaN sur capteur 4
2026-04-26 22:34:58,332 - INFO - Episode 5/50
2026-04-26 22:34:58,333 - INFO -   Reward: -28306.50
2026-04-26 22:34:58,333 - INFO -   Safety: 0.40%
2026-04-26 22:34:58,333 - INFO -   Violations: 1494
2026-04-26 22:34:58,334 - INFO -   Production: 38
2026-04-26 22:34:58,334 - INFO -   Produit: steel
2026-04-26 22:34:58,334 - INFO -   Actor Loss: -0.0002 | Critic Loss: 95247.4883
2026-04-26 22:34:58,334 - INFO - --------------------------------------------------
2026-04-26 22:35:11,494 - INFO - Episode 10/50
2026-04-26 22:35:11,495 - INFO -   Reward: -9746.50
2026-04-26 22:35:11,495 - INFO -   Safety: 1.93%
2026-04-26 22:35:11,495 - INFO -   Violations: 1471
2026-04-26 22:35:11,496 - INFO -   Production: 271
2026-04-26 22:35:11,496 - INFO -   Produit: steel
2026-04-26 22:35:11,496 - INFO -   Actor Loss: -0.0039 | Critic Loss: 73688.6079
2026-04-26 22:35:11,496 - INFO - --------------------------------------------------
2026-04-26 22:35:11,497 - INFO - 🔄 [CONTEXTE] Changement: steel → aluminium
2026-04-26 22:35:11,497 - INFO -    Température max: 650°C
2026-04-26 22:35:11,497 - INFO -    Pression max: 8 bar
2026-04-26 22:35:26,205 - INFO - Episode 15/50
2026-04-26 22:35:26,206 - INFO -   Reward: -22482.60
2026-04-26 22:35:26,206 - INFO -   Safety: 1.20%
2026-04-26 22:35:26,207 - INFO -   Violations: 1482
2026-04-26 22:35:26,207 - INFO -   Production: 114
2026-04-26 22:35:26,207 - INFO -   Produit: aluminium
2026-04-26 22:35:26,207 - INFO -   Actor Loss: -0.0024 | Critic Loss: 56348.1047
2026-04-26 22:35:26,207 - INFO - --------------------------------------------------
2026-04-26 22:35:42,640 - INFO - Episode 20/50
2026-04-26 22:35:42,640 - INFO -   Reward: -17965.80
2026-04-26 22:35:42,640 - INFO -   Safety: 2.87%
2026-04-26 22:35:42,641 - INFO -   Violations: 1457
2026-04-26 22:35:42,641 - INFO -   Production: 171
2026-04-26 22:35:42,641 - INFO -   Produit: aluminium
2026-04-26 22:35:42,641 - INFO -   Actor Loss: -0.0029 | Critic Loss: 44040.5600
2026-04-26 22:35:42,641 - INFO - --------------------------------------------------
2026-04-26 22:35:42,642 - INFO - 🔄 [CONTEXTE] Changement: aluminium → steel
2026-04-26 22:35:42,642 - INFO -    Température max: 850°C
2026-04-26 22:35:42,642 - INFO -    Pression max: 10 bar
2026-04-26 22:36:00,310 - INFO - Episode 25/50
2026-04-26 22:36:00,311 - INFO -   Reward: 4187.80
2026-04-26 22:36:00,311 - INFO -   Safety: -5.53%
2026-04-26 22:36:00,312 - INFO -   Violations: 1583
2026-04-26 22:36:00,312 - INFO -   Production: 586
2026-04-26 22:36:00,312 - INFO -   Produit: steel
2026-04-26 22:36:00,313 - INFO -   Actor Loss: 0.0018 | Critic Loss: 92298.6832
2026-04-26 22:36:00,313 - INFO - --------------------------------------------------
2026-04-26 22:36:18,646 - INFO - Episode 30/50
2026-04-26 22:36:18,647 - INFO -   Reward: 10309.50
2026-04-26 22:36:18,647 - INFO -   Safety: -0.60%
2026-04-26 22:36:18,647 - INFO -   Violations: 1509
2026-04-26 22:36:18,648 - INFO -   Production: 675
2026-04-26 22:36:18,648 - INFO -   Produit: steel
2026-04-26 22:36:18,648 - INFO -   Actor Loss: -0.0023 | Critic Loss: 209096.2750
2026-04-26 22:36:18,649 - INFO - --------------------------------------------------
2026-04-26 22:36:18,650 - INFO - 🔄 [CONTEXTE] Changement: steel → titanium
2026-04-26 22:36:18,650 - INFO -    Température max: 950°C
2026-04-26 22:36:18,650 - INFO -    Pression max: 12 bar
2026-04-26 22:36:35,816 - INFO - Episode 35/50
2026-04-26 22:36:35,816 - INFO -   Reward: -5667.90
2026-04-26 22:36:35,816 - INFO -   Safety: 2.00%
2026-04-26 22:36:35,817 - INFO -   Violations: 1470
2026-04-26 22:36:35,817 - INFO -   Production: 332
2026-04-26 22:36:35,817 - INFO -   Produit: titanium
2026-04-26 22:36:35,817 - INFO -   Actor Loss: -0.0033 | Critic Loss: 69873.0749
2026-04-26 22:36:35,818 - INFO - --------------------------------------------------
2026-04-26 22:36:52,265 - INFO - Episode 40/50
2026-04-26 22:36:52,265 - INFO -   Reward: 5465.30
2026-04-26 22:36:52,266 - INFO -   Safety: -13.00%
2026-04-26 22:36:52,266 - INFO -   Violations: 1695
2026-04-26 22:36:52,266 - INFO -   Production: 541
2026-04-26 22:36:52,267 - INFO -   Produit: titanium
2026-04-26 22:36:52,267 - INFO -   Actor Loss: -0.0056 | Critic Loss: 165855.3645
2026-04-26 22:36:52,267 - INFO - --------------------------------------------------
2026-04-26 22:36:52,267 - INFO - 🔄 [CONTEXTE] Changement: titanium → plastic
2026-04-26 22:36:52,268 - INFO -    Température max: 400°C
2026-04-26 22:36:52,268 - INFO -    Pression max: 5 bar
2026-04-26 22:37:08,474 - INFO - Episode 45/50
2026-04-26 22:37:08,475 - INFO -   Reward: -41752.00
2026-04-26 22:37:08,475 - INFO -   Safety: -6.40%
2026-04-26 22:37:08,475 - INFO -   Violations: 1596
2026-04-26 22:37:08,476 - INFO -   Production: 0
2026-04-26 22:37:08,476 - INFO -   Produit: plastic
2026-04-26 22:37:08,476 - INFO -   Actor Loss: -0.0058 | Critic Loss: 223959.2114
2026-04-26 22:37:08,476 - INFO - --------------------------------------------------
2026-04-26 22:37:24,791 - INFO - Episode 50/50
2026-04-26 22:37:24,791 - INFO -   Reward: -59106.00
2026-04-26 22:37:24,791 - INFO -   Safety: -24.47%
2026-04-26 22:37:24,792 - INFO -   Violations: 1867
2026-04-26 22:37:24,792 - INFO -   Production: 0
2026-04-26 22:37:24,792 - INFO -   Produit: plastic
2026-04-26 22:37:24,792 - INFO -   Actor Loss: -0.0071 | Critic Loss: 549618.5005
2026-04-26 22:37:24,792 - INFO - --------------------------------------------------
2026-04-26 22:37:24,796 - INFO - 
======================================================================
2026-04-26 22:37:24,797 - INFO - RÉSULTATS FINAUX - MAPPO-Standard
2026-04-26 22:37:24,797 - INFO - ======================================================================
2026-04-26 22:37:24,798 - INFO - Reward moyen: -14304.97 ± 27246.44
2026-04-26 22:37:24,798 - INFO - Taux sécurité moyen: -4.36%
2026-04-26 22:37:24,798 - INFO - Total violations: 78272
2026-04-26 22:37:24,799 - INFO - Production totale: 0
2026-04-26 22:37:24,799 - INFO - 
======================================================================
2026-04-26 22:37:24,800 - INFO - 🔬 RAPPORT DE ROBUSTESSE
2026-04-26 22:37:24,800 - INFO - ======================================================================
2026-04-26 22:37:24,800 - INFO -   Défauts capteurs injectés: 1471
2026-04-26 22:37:24,800 - INFO -   Montées rapides simulées: 0
2026-04-26 22:37:24,800 - INFO -   Conflits de règles simulés: 0
2026-04-26 22:37:24,801 - INFO -   Statistiques injecteur: {'total_faults': 1471, 'by_type': {'nan': 365, 'out_of_range': 355, 'spike': 385, 'stuck': 366}}
2026-04-26 22:37:24,801 - INFO - ======================================================================
2026-04-26 22:37:24,805 - INFO - ✅ Résultats sauvegardés dans results\livrable3/
