2026-04-26 23:11:07,835 - INFO - ======================================================================
2026-04-26 23:11:07,836 - INFO - LIVRABLE 3 - Entraînement MAPPO-NS
2026-04-26 23:11:07,837 - INFO - Shield neurosymbolique: ACTIF
2026-04-26 23:11:07,837 - INFO - Tests robustesse: ACTIFS
2026-04-26 23:11:07,838 - INFO - Contexte dynamique: ACTIF
2026-04-26 23:11:07,839 - INFO - ======================================================================
2026-04-26 23:11:07,840 - INFO - Environnement créé: 3 agents, 500 steps/épisode
2026-04-26 23:11:07,841 - INFO - Dimensions: obs_dim=6, action_dim=5
2026-04-26 23:11:10,780 - INFO - Système MAPPO-NS (Neurosymbolique) initialisé
2026-04-26 23:11:10,782 - INFO - 🔄 [CONTEXTE] Changement: None → steel
2026-04-26 23:11:10,783 - INFO -    Température max: 850°C
2026-04-26 23:11:10,784 - INFO -    Pression max: 10 bar
2026-04-26 23:11:37,143 - INFO - Episode 5/50
2026-04-26 23:11:37,144 - INFO -   Reward: -27995.90
2026-04-26 23:11:37,145 - INFO -   Safety: 7.47%
2026-04-26 23:11:37,146 - INFO -   Violations: 1388
2026-04-26 23:11:37,147 - INFO -   Production: 18
2026-04-26 23:11:37,148 - INFO -   Produit: steel
2026-04-26 23:11:37,149 - INFO -   Shield corrections: 0
2026-04-26 23:11:37,150 - INFO -   Actor Loss: -0.0596 | Critic Loss: 104108.5510
2026-04-26 23:11:37,150 - INFO - --------------------------------------------------
2026-04-26 23:12:13,368 - INFO - Episode 10/50
2026-04-26 23:12:13,371 - INFO -   Reward: -26497.10
2026-04-26 23:12:13,373 - INFO -   Safety: 16.47%
2026-04-26 23:12:13,374 - INFO -   Violations: 1253
2026-04-26 23:12:13,376 - INFO -   Production: 9
2026-04-26 23:12:13,378 - INFO -   Produit: steel
2026-04-26 23:12:13,380 - INFO -   Shield corrections: 0
2026-04-26 23:12:13,382 - INFO -   Actor Loss: 0.1323 | Critic Loss: 94366.6056
2026-04-26 23:12:13,385 - INFO - --------------------------------------------------
2026-04-26 23:12:13,392 - INFO - 🔄 [CONTEXTE] Changement: steel → aluminium
2026-04-26 23:12:13,393 - INFO -    Température max: 650°C
2026-04-26 23:12:13,395 - INFO -    Pression max: 8 bar
2026-04-26 23:12:41,630 - INFO - Episode 15/50
2026-04-26 23:12:41,631 - INFO -   Reward: -26354.00
2026-04-26 23:12:41,632 - INFO -   Safety: 23.27%
2026-04-26 23:12:41,632 - INFO -   Violations: 1151
2026-04-26 23:12:41,632 - INFO -   Production: 0
2026-04-26 23:12:41,632 - INFO -   Produit: aluminium
2026-04-26 23:12:41,633 - INFO -   Shield corrections: 234
2026-04-26 23:12:41,633 - INFO -   Actor Loss: -0.0648 | Critic Loss: 83679.5229
2026-04-26 23:12:41,633 - INFO - --------------------------------------------------
